{"total": {"lines":{"total":379,"covered":300,"skipped":0,"pct":79.15},"statements":{"total":403,"covered":309,"skipped":0,"pct":76.67},"functions":{"total":42,"covered":39,"skipped":0,"pct":92.85},"branches":{"total":208,"covered":122,"skipped":0,"pct":58.65},"branchesTrue":{"total":0,"covered":0,"skipped":0,"pct":100}}
,"/Users/psama0214/Hackathon-New/incident-war-room/src/index.js": {"lines":{"total":0,"covered":0,"skipped":0,"pct":0},"functions":{"total":0,"covered":0,"skipped":0,"pct":0},"statements":{"total":0,"covered":0,"skipped":0,"pct":0},"branches":{"total":0,"covered":0,"skipped":0,"pct":0}}
,"/Users/psama0214/Hackathon-New/incident-war-room/src/actions/index.js": {"lines":{"total":9,"covered":0,"skipped":0,"pct":0},"functions":{"total":2,"covered":0,"skipped":0,"pct":0},"statements":{"total":9,"covered":0,"skipped":0,"pct":0},"branches":{"total":2,"covered":0,"skipped":0,"pct":0}}
,"/Users/psama0214/Hackathon-New/incident-war-room/src/resolvers/async-search.js": {"lines":{"total":14,"covered":14,"skipped":0,"pct":100},"functions":{"total":1,"covered":1,"skipped":0,"pct":100},"statements":{"total":14,"covered":14,"skipped":0,"pct":100},"branches":{"total":10,"covered":7,"skipped":0,"pct":70}}
,"/Users/psama0214/Hackathon-New/incident-war-room/src/resolvers/index.js": {"lines":{"total":307,"covered":237,"skipped":0,"pct":77.19},"functions":{"total":30,"covered":29,"skipped":0,"pct":96.66},"statements":{"total":323,"covered":241,"skipped":0,"pct":74.61},"branches":{"total":154,"covered":80,"skipped":0,"pct":51.94}}
,"/Users/psama0214/Hackathon-New/incident-war-room/src/utils/permissions.js": {"lines":{"total":28,"covered":28,"skipped":0,"pct":100},"functions":{"total":8,"covered":8,"skipped":0,"pct":100},"statements":{"total":35,"covered":33,"skipped":0,"pct":94.28},"branches":{"total":12,"covered":10,"skipped":0,"pct":83.33}}
,"/Users/psama0214/Hackathon-New/incident-war-room/src/utils/search.js": {"lines":{"total":21,"covered":21,"skipped":0,"pct":100},"functions":{"total":1,"covered":1,"skipped":0,"pct":100},"statements":{"total":22,"covered":21,"skipped":0,"pct":95.45},"branches":{"total":30,"covered":25,"skipped":0,"pct":83.33}}
}
