{"/Users/psama0214/Hackathon-New/incident-war-room/src/resolvers/index.js": {"path":"/Users/psama0214/Hackathon-New/incident-war-room/src/resolvers/index.js","statementMap":{"0":{"start":{"line":8,"column":17},"end":{"line":8,"column":31}},"1":{"start":{"line":10,"column":22},"end":{"line":15,"column":1}},"2":{"start":{"line":11,"column":22},"end":{"line":11,"column":100}},"3":{"start":{"line":12,"column":23},"end":{"line":12,"column":47}},"4":{"start":{"line":13,"column":2},"end":{"line":13,"column":78}},"5":{"start":{"line":13,"column":40},"end":{"line":13,"column":78}},"6":{"start":{"line":14,"column":2},"end":{"line":14,"column":36}},"7":{"start":{"line":18,"column":19},"end":{"line":50,"column":1}},"8":{"start":{"line":19,"column":2},"end":{"line":49,"column":3}},"9":{"start":{"line":20,"column":21},"end":{"line":38,"column":5}},"10":{"start":{"line":40,"column":4},"end":{"line":43,"column":5}},"11":{"start":{"line":41,"column":6},"end":{"line":41,"column":77}},"12":{"start":{"line":42,"column":6},"end":{"line":42,"column":18}},"13":{"start":{"line":44,"column":4},"end":{"line":44,"column":96}},"14":{"start":{"line":45,"column":4},"end":{"line":45,"column":17}},"15":{"start":{"line":47,"column":4},"end":{"line":47,"column":76}},"16":{"start":{"line":48,"column":4},"end":{"line":48,"column":17}},"17":{"start":{"line":52,"column":0},"end":{"line":58,"column":3}},"18":{"start":{"line":53,"column":2},"end":{"line":57,"column":56}},"19":{"start":{"line":54,"column":21},"end":{"line":54,"column":100}},"20":{"start":{"line":55,"column":17},"end":{"line":55,"column":38}},"21":{"start":{"line":56,"column":4},"end":{"line":56,"column":103}},"22":{"start":{"line":56,"column":60},"end":{"line":56,"column":98}},"23":{"start":{"line":57,"column":20},"end":{"line":57,"column":41}},"24":{"start":{"line":57,"column":42},"end":{"line":57,"column":54}},"25":{"start":{"line":60,"column":0},"end":{"line":74,"column":3}},"26":{"start":{"line":61,"column":25},"end":{"line":61,"column":36}},"27":{"start":{"line":62,"column":2},"end":{"line":73,"column":3}},"28":{"start":{"line":63,"column":21},"end":{"line":63,"column":93}},"29":{"start":{"line":64,"column":17},"end":{"line":64,"column":38}},"30":{"start":{"line":66,"column":4},"end":{"line":69,"column":6}},"31":{"start":{"line":68,"column":63},"end":{"line":68,"column":112}},"32":{"start":{"line":71,"column":4},"end":{"line":71,"column":25}},"33":{"start":{"line":72,"column":4},"end":{"line":72,"column":16}},"34":{"start":{"line":77,"column":0},"end":{"line":104,"column":3}},"35":{"start":{"line":78,"column":2},"end":{"line":103,"column":3}},"36":{"start":{"line":79,"column":22},"end":{"line":79,"column":43}},"37":{"start":{"line":80,"column":19},"end":{"line":80,"column":49}},"38":{"start":{"line":81,"column":24},"end":{"line":81,"column":50}},"39":{"start":{"line":82,"column":24},"end":{"line":82,"column":50}},"40":{"start":{"line":84,"column":4},"end":{"line":91,"column":6}},"41":{"start":{"line":93,"column":4},"end":{"line":93,"column":57}},"42":{"start":{"line":95,"column":4},"end":{"line":102,"column":6}},"43":{"start":{"line":106,"column":0},"end":{"line":161,"column":3}},"44":{"start":{"line":107,"column":83},"end":{"line":107,"column":94}},"45":{"start":{"line":110,"column":20},"end":{"line":110,"column":41}},"46":{"start":{"line":111,"column":17},"end":{"line":111,"column":47}},"47":{"start":{"line":112,"column":22},"end":{"line":112,"column":54}},"48":{"start":{"line":114,"column":2},"end":{"line":116,"column":3}},"49":{"start":{"line":115,"column":4},"end":{"line":115,"column":106}},"50":{"start":{"line":118,"column":2},"end":{"line":160,"column":3}},"51":{"start":{"line":119,"column":19},"end":{"line":123,"column":5}},"52":{"start":{"line":125,"column":4},"end":{"line":134,"column":5}},"53":{"start":{"line":126,"column":6},"end":{"line":133,"column":8}},"54":{"start":{"line":136,"column":4},"end":{"line":136,"column":57}},"55":{"start":{"line":136,"column":20},"end":{"line":136,"column":57}},"56":{"start":{"line":138,"column":21},"end":{"line":142,"column":6}},"57":{"start":{"line":144,"column":17},"end":{"line":144,"column":38}},"58":{"start":{"line":145,"column":4},"end":{"line":154,"column":5}},"59":{"start":{"line":147,"column":6},"end":{"line":151,"column":10}},"60":{"start":{"line":153,"column":6},"end":{"line":153,"column":59}},"61":{"start":{"line":156,"column":4},"end":{"line":156,"column":74}},"62":{"start":{"line":158,"column":4},"end":{"line":158,"column":25}},"63":{"start":{"line":159,"column":4},"end":{"line":159,"column":52}},"64":{"start":{"line":163,"column":0},"end":{"line":185,"column":3}},"65":{"start":{"line":164,"column":31},"end":{"line":164,"column":48}},"66":{"start":{"line":165,"column":2},"end":{"line":184,"column":56}},"67":{"start":{"line":166,"column":14},"end":{"line":166,"column":37}},"68":{"start":{"line":167,"column":23},"end":{"line":167,"column":25}},"69":{"start":{"line":169,"column":4},"end":{"line":171,"column":5}},"70":{"start":{"line":170,"column":6},"end":{"line":170,"column":51}},"71":{"start":{"line":173,"column":4},"end":{"line":175,"column":5}},"72":{"start":{"line":174,"column":6},"end":{"line":174,"column":49}},"73":{"start":{"line":177,"column":4},"end":{"line":179,"column":5}},"74":{"start":{"line":178,"column":6},"end":{"line":178,"column":49}},"75":{"start":{"line":181,"column":21},"end":{"line":181,"column":104}},"76":{"start":{"line":182,"column":17},"end":{"line":182,"column":38}},"77":{"start":{"line":183,"column":4},"end":{"line":183,"column":50}},"78":{"start":{"line":184,"column":20},"end":{"line":184,"column":41}},"79":{"start":{"line":184,"column":42},"end":{"line":184,"column":54}},"80":{"start":{"line":187,"column":0},"end":{"line":194,"column":3}},"81":{"start":{"line":188,"column":23},"end":{"line":188,"column":34}},"82":{"start":{"line":189,"column":2},"end":{"line":193,"column":56}},"83":{"start":{"line":190,"column":21},"end":{"line":190,"column":89}},"84":{"start":{"line":191,"column":17},"end":{"line":191,"column":38}},"85":{"start":{"line":192,"column":4},"end":{"line":192,"column":42}},"86":{"start":{"line":193,"column":20},"end":{"line":193,"column":41}},"87":{"start":{"line":193,"column":42},"end":{"line":193,"column":54}},"88":{"start":{"line":196,"column":0},"end":{"line":214,"column":3}},"89":{"start":{"line":197,"column":2},"end":{"line":213,"column":56}},"90":{"start":{"line":199,"column":21},"end":{"line":199,"column":99}},"91":{"start":{"line":200,"column":17},"end":{"line":200,"column":38}},"92":{"start":{"line":203,"column":22},"end":{"line":210,"column":9}},"93":{"start":{"line":204,"column":19},"end":{"line":204,"column":48}},"94":{"start":{"line":206,"column":17},"end":{"line":210,"column":7}},"95":{"start":{"line":212,"column":4},"end":{"line":212,"column":47}},"96":{"start":{"line":213,"column":20},"end":{"line":213,"column":41}},"97":{"start":{"line":213,"column":42},"end":{"line":213,"column":54}},"98":{"start":{"line":216,"column":0},"end":{"line":248,"column":3}},"99":{"start":{"line":217,"column":36},"end":{"line":217,"column":47}},"100":{"start":{"line":220,"column":20},"end":{"line":220,"column":41}},"101":{"start":{"line":221,"column":17},"end":{"line":221,"column":47}},"102":{"start":{"line":222,"column":22},"end":{"line":222,"column":48}},"103":{"start":{"line":224,"column":2},"end":{"line":226,"column":3}},"104":{"start":{"line":225,"column":4},"end":{"line":225,"column":106}},"105":{"start":{"line":228,"column":2},"end":{"line":247,"column":56}},"106":{"start":{"line":229,"column":17},"end":{"line":229,"column":49}},"107":{"start":{"line":230,"column":21},"end":{"line":234,"column":6}},"108":{"start":{"line":235,"column":4},"end":{"line":244,"column":5}},"109":{"start":{"line":237,"column":6},"end":{"line":241,"column":47}},"110":{"start":{"line":243,"column":6},"end":{"line":243,"column":64}},"111":{"start":{"line":245,"column":17},"end":{"line":245,"column":38}},"112":{"start":{"line":246,"column":4},"end":{"line":246,"column":57}},"113":{"start":{"line":247,"column":20},"end":{"line":247,"column":41}},"114":{"start":{"line":247,"column":42},"end":{"line":247,"column":54}},"115":{"start":{"line":250,"column":0},"end":{"line":280,"column":3}},"116":{"start":{"line":251,"column":27},"end":{"line":251,"column":38}},"117":{"start":{"line":254,"column":20},"end":{"line":254,"column":41}},"118":{"start":{"line":255,"column":17},"end":{"line":255,"column":47}},"119":{"start":{"line":256,"column":22},"end":{"line":256,"column":48}},"120":{"start":{"line":258,"column":2},"end":{"line":260,"column":3}},"121":{"start":{"line":259,"column":4},"end":{"line":259,"column":106}},"122":{"start":{"line":262,"column":2},"end":{"line":279,"column":56}},"123":{"start":{"line":264,"column":4},"end":{"line":268,"column":8}},"124":{"start":{"line":270,"column":21},"end":{"line":272,"column":6}},"125":{"start":{"line":274,"column":4},"end":{"line":276,"column":5}},"126":{"start":{"line":275,"column":6},"end":{"line":275,"column":64}},"127":{"start":{"line":277,"column":17},"end":{"line":277,"column":38}},"128":{"start":{"line":278,"column":4},"end":{"line":278,"column":57}},"129":{"start":{"line":279,"column":20},"end":{"line":279,"column":41}},"130":{"start":{"line":279,"column":42},"end":{"line":279,"column":54}},"131":{"start":{"line":285,"column":0},"end":{"line":321,"column":3}},"132":{"start":{"line":286,"column":70},"end":{"line":286,"column":87}},"133":{"start":{"line":288,"column":2},"end":{"line":320,"column":3}},"134":{"start":{"line":289,"column":19},"end":{"line":294,"column":5}},"135":{"start":{"line":296,"column":4},"end":{"line":298,"column":5}},"136":{"start":{"line":297,"column":6},"end":{"line":297,"column":43}},"137":{"start":{"line":300,"column":21},"end":{"line":304,"column":6}},"138":{"start":{"line":306,"column":19},"end":{"line":306,"column":40}},"139":{"start":{"line":308,"column":4},"end":{"line":313,"column":6}},"140":{"start":{"line":315,"column":4},"end":{"line":315,"column":56}},"141":{"start":{"line":316,"column":4},"end":{"line":319,"column":6}},"142":{"start":{"line":324,"column":0},"end":{"line":376,"column":3}},"143":{"start":{"line":325,"column":2},"end":{"line":325,"column":56}},"144":{"start":{"line":326,"column":25},"end":{"line":326,"column":42}},"145":{"start":{"line":328,"column":2},"end":{"line":375,"column":3}},"146":{"start":{"line":329,"column":14},"end":{"line":329,"column":37}},"147":{"start":{"line":330,"column":4},"end":{"line":333,"column":5}},"148":{"start":{"line":332,"column":6},"end":{"line":332,"column":45}},"149":{"start":{"line":338,"column":27},"end":{"line":338,"column":38}},"150":{"start":{"line":339,"column":20},"end":{"line":339,"column":108}},"151":{"start":{"line":341,"column":21},"end":{"line":341,"column":117}},"152":{"start":{"line":342,"column":4},"end":{"line":342,"column":72}},"153":{"start":{"line":344,"column":21},"end":{"line":344,"column":60}},"154":{"start":{"line":346,"column":4},"end":{"line":350,"column":5}},"155":{"start":{"line":347,"column":22},"end":{"line":347,"column":43}},"156":{"start":{"line":348,"column":6},"end":{"line":348,"column":85}},"157":{"start":{"line":349,"column":6},"end":{"line":349,"column":113}},"158":{"start":{"line":352,"column":17},"end":{"line":352,"column":38}},"159":{"start":{"line":354,"column":4},"end":{"line":356,"column":5}},"160":{"start":{"line":355,"column":6},"end":{"line":355,"column":85}},"161":{"start":{"line":358,"column":4},"end":{"line":368,"column":6}},"162":{"start":{"line":361,"column":39},"end":{"line":367,"column":7}},"163":{"start":{"line":370,"column":4},"end":{"line":370,"column":55}},"164":{"start":{"line":371,"column":4},"end":{"line":374,"column":6}},"165":{"start":{"line":379,"column":0},"end":{"line":409,"column":3}},"166":{"start":{"line":380,"column":23},"end":{"line":380,"column":40}},"167":{"start":{"line":382,"column":2},"end":{"line":384,"column":3}},"168":{"start":{"line":383,"column":4},"end":{"line":383,"column":62}},"169":{"start":{"line":386,"column":2},"end":{"line":408,"column":3}},"170":{"start":{"line":387,"column":21},"end":{"line":387,"column":89}},"171":{"start":{"line":388,"column":18},"end":{"line":388,"column":39}},"172":{"start":{"line":390,"column":4},"end":{"line":401,"column":6}},"173":{"start":{"line":403,"column":4},"end":{"line":403,"column":53}},"174":{"start":{"line":404,"column":4},"end":{"line":407,"column":6}},"175":{"start":{"line":412,"column":0},"end":{"line":447,"column":3}},"176":{"start":{"line":413,"column":20},"end":{"line":413,"column":37}},"177":{"start":{"line":415,"column":2},"end":{"line":417,"column":3}},"178":{"start":{"line":416,"column":4},"end":{"line":416,"column":65}},"179":{"start":{"line":419,"column":2},"end":{"line":446,"column":3}},"180":{"start":{"line":421,"column":18},"end":{"line":421,"column":38}},"181":{"start":{"line":423,"column":4},"end":{"line":423,"column":77}},"182":{"start":{"line":426,"column":18},"end":{"line":426,"column":52}},"183":{"start":{"line":427,"column":4},"end":{"line":430,"column":7}},"184":{"start":{"line":433,"column":4},"end":{"line":439,"column":6}},"185":{"start":{"line":441,"column":4},"end":{"line":441,"column":58}},"186":{"start":{"line":442,"column":4},"end":{"line":445,"column":6}},"187":{"start":{"line":450,"column":0},"end":{"line":482,"column":3}},"188":{"start":{"line":451,"column":20},"end":{"line":451,"column":37}},"189":{"start":{"line":453,"column":2},"end":{"line":455,"column":3}},"190":{"start":{"line":454,"column":4},"end":{"line":454,"column":56}},"191":{"start":{"line":457,"column":2},"end":{"line":481,"column":3}},"192":{"start":{"line":459,"column":19},"end":{"line":459,"column":43}},"193":{"start":{"line":461,"column":4},"end":{"line":468,"column":5}},"194":{"start":{"line":463,"column":6},"end":{"line":467,"column":8}},"195":{"start":{"line":471,"column":4},"end":{"line":474,"column":6}},"196":{"start":{"line":476,"column":4},"end":{"line":476,"column":62}},"197":{"start":{"line":477,"column":4},"end":{"line":480,"column":6}},"198":{"start":{"line":487,"column":24},"end":{"line":487,"column":68}},"199":{"start":{"line":487,"column":33},"end":{"line":487,"column":68}},"200":{"start":{"line":490,"column":0},"end":{"line":562,"column":3}},"201":{"start":{"line":491,"column":23},"end":{"line":491,"column":34}},"202":{"start":{"line":492,"column":2},"end":{"line":492,"column":51}},"203":{"start":{"line":494,"column":2},"end":{"line":496,"column":3}},"204":{"start":{"line":495,"column":4},"end":{"line":495,"column":96}},"205":{"start":{"line":498,"column":2},"end":{"line":561,"column":3}},"206":{"start":{"line":499,"column":16},"end":{"line":499,"column":83}},"207":{"start":{"line":500,"column":4},"end":{"line":504,"column":5}},"208":{"start":{"line":501,"column":18},"end":{"line":501,"column":34}},"209":{"start":{"line":502,"column":6},"end":{"line":502,"column":79}},"210":{"start":{"line":502,"column":30},"end":{"line":502,"column":79}},"211":{"start":{"line":503,"column":6},"end":{"line":503,"column":71}},"212":{"start":{"line":505,"column":18},"end":{"line":505,"column":34}},"213":{"start":{"line":508,"column":19},"end":{"line":508,"column":44}},"214":{"start":{"line":509,"column":4},"end":{"line":511,"column":5}},"215":{"start":{"line":510,"column":6},"end":{"line":510,"column":72}},"216":{"start":{"line":513,"column":32},"end":{"line":543,"column":5}},"217":{"start":{"line":545,"column":22},"end":{"line":551,"column":6}},"218":{"start":{"line":553,"column":4},"end":{"line":555,"column":5}},"219":{"start":{"line":554,"column":6},"end":{"line":554,"column":60}},"220":{"start":{"line":557,"column":4},"end":{"line":557,"column":98}},"221":{"start":{"line":559,"column":4},"end":{"line":559,"column":41}},"222":{"start":{"line":560,"column":4},"end":{"line":560,"column":12}},"223":{"start":{"line":565,"column":0},"end":{"line":607,"column":3}},"224":{"start":{"line":566,"column":23},"end":{"line":566,"column":34}},"225":{"start":{"line":567,"column":2},"end":{"line":567,"column":54}},"226":{"start":{"line":569,"column":2},"end":{"line":571,"column":3}},"227":{"start":{"line":570,"column":4},"end":{"line":570,"column":64}},"228":{"start":{"line":573,"column":2},"end":{"line":606,"column":3}},"229":{"start":{"line":575,"column":23},"end":{"line":575,"column":90}},"230":{"start":{"line":576,"column":4},"end":{"line":576,"column":73}},"231":{"start":{"line":576,"column":24},"end":{"line":576,"column":73}},"232":{"start":{"line":577,"column":18},"end":{"line":577,"column":41}},"233":{"start":{"line":578,"column":4},"end":{"line":580,"column":5}},"234":{"start":{"line":579,"column":6},"end":{"line":579,"column":92}},"235":{"start":{"line":582,"column":20},"end":{"line":582,"column":113}},"236":{"start":{"line":583,"column":4},"end":{"line":583,"column":73}},"237":{"start":{"line":583,"column":21},"end":{"line":583,"column":73}},"238":{"start":{"line":584,"column":18},"end":{"line":584,"column":38}},"239":{"start":{"line":586,"column":4},"end":{"line":588,"column":5}},"240":{"start":{"line":587,"column":6},"end":{"line":587,"column":68}},"241":{"start":{"line":590,"column":21},"end":{"line":590,"column":68}},"242":{"start":{"line":592,"column":22},"end":{"line":596,"column":6}},"243":{"start":{"line":598,"column":4},"end":{"line":600,"column":5}},"244":{"start":{"line":599,"column":6},"end":{"line":599,"column":60}},"245":{"start":{"line":602,"column":4},"end":{"line":602,"column":139}},"246":{"start":{"line":604,"column":4},"end":{"line":604,"column":44}},"247":{"start":{"line":605,"column":4},"end":{"line":605,"column":12}},"248":{"start":{"line":610,"column":0},"end":{"line":670,"column":3}},"249":{"start":{"line":611,"column":23},"end":{"line":611,"column":34}},"250":{"start":{"line":612,"column":2},"end":{"line":612,"column":51}},"251":{"start":{"line":614,"column":2},"end":{"line":616,"column":3}},"252":{"start":{"line":615,"column":4},"end":{"line":615,"column":49}},"253":{"start":{"line":618,"column":2},"end":{"line":669,"column":3}},"254":{"start":{"line":619,"column":21},"end":{"line":619,"column":88}},"255":{"start":{"line":620,"column":4},"end":{"line":620,"column":71}},"256":{"start":{"line":620,"column":22},"end":{"line":620,"column":71}},"257":{"start":{"line":621,"column":18},"end":{"line":621,"column":39}},"258":{"start":{"line":623,"column":4},"end":{"line":625,"column":5}},"259":{"start":{"line":624,"column":6},"end":{"line":624,"column":71}},"260":{"start":{"line":628,"column":4},"end":{"line":630,"column":5}},"261":{"start":{"line":629,"column":6},"end":{"line":629,"column":64}},"262":{"start":{"line":632,"column":22},"end":{"line":632,"column":45}},"263":{"start":{"line":633,"column":21},"end":{"line":633,"column":79}},"264":{"start":{"line":634,"column":20},"end":{"line":634,"column":22}},"265":{"start":{"line":636,"column":4},"end":{"line":659,"column":5}},"266":{"start":{"line":637,"column":19},"end":{"line":644,"column":7}},"267":{"start":{"line":647,"column":18},"end":{"line":651,"column":8}},"268":{"start":{"line":653,"column":6},"end":{"line":658,"column":7}},"269":{"start":{"line":654,"column":21},"end":{"line":654,"column":37}},"270":{"start":{"line":655,"column":8},"end":{"line":655,"column":31}},"271":{"start":{"line":657,"column":8},"end":{"line":657,"column":55}},"272":{"start":{"line":661,"column":4},"end":{"line":663,"column":5}},"273":{"start":{"line":662,"column":6},"end":{"line":662,"column":103}},"274":{"start":{"line":665,"column":4},"end":{"line":665,"column":55}},"275":{"start":{"line":667,"column":4},"end":{"line":667,"column":41}},"276":{"start":{"line":668,"column":4},"end":{"line":668,"column":12}},"277":{"start":{"line":673,"column":0},"end":{"line":737,"column":3}},"278":{"start":{"line":674,"column":22},"end":{"line":674,"column":33}},"279":{"start":{"line":676,"column":2},"end":{"line":736,"column":3}},"280":{"start":{"line":677,"column":16},"end":{"line":677,"column":71}},"281":{"start":{"line":678,"column":16},"end":{"line":678,"column":96}},"282":{"start":{"line":679,"column":17},"end":{"line":679,"column":33}},"283":{"start":{"line":681,"column":21},"end":{"line":681,"column":138}},"284":{"start":{"line":681,"column":56},"end":{"line":681,"column":89}},"285":{"start":{"line":683,"column":18},"end":{"line":694,"column":7}},"286":{"start":{"line":697,"column":19},"end":{"line":697,"column":23}},"287":{"start":{"line":698,"column":20},"end":{"line":698,"column":24}},"288":{"start":{"line":699,"column":4},"end":{"line":724,"column":5}},"289":{"start":{"line":700,"column":24},"end":{"line":718,"column":8}},"290":{"start":{"line":719,"column":25},"end":{"line":719,"column":47}},"291":{"start":{"line":720,"column":6},"end":{"line":720,"column":32}},"292":{"start":{"line":721,"column":6},"end":{"line":721,"column":40}},"293":{"start":{"line":723,"column":6},"end":{"line":723,"column":66}},"294":{"start":{"line":726,"column":4},"end":{"line":732,"column":6}},"295":{"start":{"line":734,"column":4},"end":{"line":734,"column":46}},"296":{"start":{"line":735,"column":4},"end":{"line":735,"column":12}},"297":{"start":{"line":740,"column":0},"end":{"line":761,"column":3}},"298":{"start":{"line":742,"column":19},"end":{"line":742,"column":21}},"299":{"start":{"line":743,"column":26},"end":{"line":743,"column":28}},"300":{"start":{"line":744,"column":19},"end":{"line":744,"column":20}},"301":{"start":{"line":746,"column":23},"end":{"line":746,"column":86}},"302":{"start":{"line":748,"column":17},"end":{"line":754,"column":3}},"303":{"start":{"line":756,"column":2},"end":{"line":760,"column":4}},"304":{"start":{"line":764,"column":0},"end":{"line":815,"column":3}},"305":{"start":{"line":765,"column":25},"end":{"line":765,"column":36}},"306":{"start":{"line":766,"column":2},"end":{"line":766,"column":78}},"307":{"start":{"line":768,"column":20},"end":{"line":774,"column":3}},"308":{"start":{"line":777,"column":19},"end":{"line":777,"column":72}},"309":{"start":{"line":777,"column":40},"end":{"line":777,"column":59}},"310":{"start":{"line":778,"column":22},"end":{"line":778,"column":24}},"311":{"start":{"line":780,"column":2},"end":{"line":814,"column":3}},"312":{"start":{"line":781,"column":4},"end":{"line":809,"column":5}},"313":{"start":{"line":782,"column":19},"end":{"line":794,"column":7}},"314":{"start":{"line":797,"column":18},"end":{"line":801,"column":8}},"315":{"start":{"line":803,"column":6},"end":{"line":808,"column":7}},"316":{"start":{"line":804,"column":21},"end":{"line":804,"column":37}},"317":{"start":{"line":805,"column":8},"end":{"line":805,"column":35}},"318":{"start":{"line":807,"column":8},"end":{"line":807,"column":67}},"319":{"start":{"line":810,"column":4},"end":{"line":810,"column":96}},"320":{"start":{"line":812,"column":4},"end":{"line":812,"column":45}},"321":{"start":{"line":813,"column":4},"end":{"line":813,"column":12}},"322":{"start":{"line":817,"column":23},"end":{"line":817,"column":48}}},"fnMap":{"0":{"name":"(anonymous_0)","decl":{"start":{"line":10,"column":22},"end":{"line":10,"column":23}},"loc":{"start":{"line":10,"column":34},"end":{"line":15,"column":1}},"line":10},"1":{"name":"(anonymous_1)","decl":{"start":{"line":18,"column":19},"end":{"line":18,"column":20}},"loc":{"start":{"line":18,"column":52},"end":{"line":50,"column":1}},"line":18},"2":{"name":"(anonymous_2)","decl":{"start":{"line":52,"column":31},"end":{"line":52,"column":32}},"loc":{"start":{"line":52,"column":46},"end":{"line":58,"column":1}},"line":52},"3":{"name":"(anonymous_3)","decl":{"start":{"line":56,"column":54},"end":{"line":56,"column":55}},"loc":{"start":{"line":56,"column":60},"end":{"line":56,"column":98}},"line":56},"4":{"name":"(anonymous_4)","decl":{"start":{"line":60,"column":37},"end":{"line":60,"column":38}},"loc":{"start":{"line":60,"column":52},"end":{"line":74,"column":1}},"line":60},"5":{"name":"(anonymous_5)","decl":{"start":{"line":68,"column":56},"end":{"line":68,"column":57}},"loc":{"start":{"line":68,"column":63},"end":{"line":68,"column":112}},"line":68},"6":{"name":"(anonymous_6)","decl":{"start":{"line":77,"column":34},"end":{"line":77,"column":35}},"loc":{"start":{"line":77,"column":49},"end":{"line":104,"column":1}},"line":77},"7":{"name":"(anonymous_7)","decl":{"start":{"line":106,"column":34},"end":{"line":106,"column":35}},"loc":{"start":{"line":106,"column":49},"end":{"line":161,"column":1}},"line":106},"8":{"name":"(anonymous_8)","decl":{"start":{"line":163,"column":32},"end":{"line":163,"column":33}},"loc":{"start":{"line":163,"column":47},"end":{"line":185,"column":1}},"line":163},"9":{"name":"(anonymous_9)","decl":{"start":{"line":187,"column":28},"end":{"line":187,"column":29}},"loc":{"start":{"line":187,"column":43},"end":{"line":194,"column":1}},"line":187},"10":{"name":"(anonymous_10)","decl":{"start":{"line":196,"column":28},"end":{"line":196,"column":29}},"loc":{"start":{"line":196,"column":43},"end":{"line":214,"column":1}},"line":196},"11":{"name":"(anonymous_11)","decl":{"start":{"line":204,"column":14},"end":{"line":204,"column":15}},"loc":{"start":{"line":204,"column":19},"end":{"line":204,"column":48}},"line":204},"12":{"name":"(anonymous_12)","decl":{"start":{"line":206,"column":11},"end":{"line":206,"column":12}},"loc":{"start":{"line":206,"column":17},"end":{"line":210,"column":7}},"line":206},"13":{"name":"(anonymous_13)","decl":{"start":{"line":216,"column":34},"end":{"line":216,"column":35}},"loc":{"start":{"line":216,"column":49},"end":{"line":248,"column":1}},"line":216},"14":{"name":"(anonymous_14)","decl":{"start":{"line":250,"column":34},"end":{"line":250,"column":35}},"loc":{"start":{"line":250,"column":49},"end":{"line":280,"column":1}},"line":250},"15":{"name":"(anonymous_15)","decl":{"start":{"line":285,"column":43},"end":{"line":285,"column":44}},"loc":{"start":{"line":285,"column":58},"end":{"line":321,"column":1}},"line":285},"16":{"name":"(anonymous_16)","decl":{"start":{"line":324,"column":41},"end":{"line":324,"column":42}},"loc":{"start":{"line":324,"column":56},"end":{"line":376,"column":1}},"line":324},"17":{"name":"(anonymous_17)","decl":{"start":{"line":361,"column":33},"end":{"line":361,"column":34}},"loc":{"start":{"line":361,"column":39},"end":{"line":367,"column":7}},"line":361},"18":{"name":"(anonymous_18)","decl":{"start":{"line":379,"column":40},"end":{"line":379,"column":41}},"loc":{"start":{"line":379,"column":55},"end":{"line":409,"column":1}},"line":379},"19":{"name":"(anonymous_19)","decl":{"start":{"line":412,"column":44},"end":{"line":412,"column":45}},"loc":{"start":{"line":412,"column":59},"end":{"line":447,"column":1}},"line":412},"20":{"name":"(anonymous_20)","decl":{"start":{"line":450,"column":35},"end":{"line":450,"column":36}},"loc":{"start":{"line":450,"column":50},"end":{"line":482,"column":1}},"line":450},"21":{"name":"(anonymous_21)","decl":{"start":{"line":487,"column":24},"end":{"line":487,"column":25}},"loc":{"start":{"line":487,"column":33},"end":{"line":487,"column":68}},"line":487},"22":{"name":"(anonymous_22)","decl":{"start":{"line":490,"column":42},"end":{"line":490,"column":43}},"loc":{"start":{"line":490,"column":57},"end":{"line":562,"column":1}},"line":490},"23":{"name":"(anonymous_23)","decl":{"start":{"line":565,"column":45},"end":{"line":565,"column":46}},"loc":{"start":{"line":565,"column":60},"end":{"line":607,"column":1}},"line":565},"24":{"name":"(anonymous_24)","decl":{"start":{"line":610,"column":44},"end":{"line":610,"column":45}},"loc":{"start":{"line":610,"column":59},"end":{"line":670,"column":1}},"line":610},"25":{"name":"(anonymous_25)","decl":{"start":{"line":673,"column":49},"end":{"line":673,"column":50}},"loc":{"start":{"line":673,"column":64},"end":{"line":737,"column":1}},"line":673},"26":{"name":"(anonymous_26)","decl":{"start":{"line":681,"column":51},"end":{"line":681,"column":52}},"loc":{"start":{"line":681,"column":56},"end":{"line":681,"column":89}},"line":681},"27":{"name":"(anonymous_27)","decl":{"start":{"line":740,"column":50},"end":{"line":740,"column":51}},"loc":{"start":{"line":740,"column":65},"end":{"line":761,"column":1}},"line":740},"28":{"name":"(anonymous_28)","decl":{"start":{"line":764,"column":39},"end":{"line":764,"column":40}},"loc":{"start":{"line":764,"column":54},"end":{"line":815,"column":1}},"line":764},"29":{"name":"(anonymous_29)","decl":{"start":{"line":777,"column":34},"end":{"line":777,"column":35}},"loc":{"start":{"line":777,"column":40},"end":{"line":777,"column":59}},"line":777}},"branchMap":{"0":{"loc":{"start":{"line":13,"column":2},"end":{"line":13,"column":78}},"type":"if","locations":[{"start":{"line":13,"column":2},"end":{"line":13,"column":78}},{"start":{},"end":{}}],"line":13},"1":{"loc":{"start":{"line":40,"column":4},"end":{"line":43,"column":5}},"type":"if","locations":[{"start":{"line":40,"column":4},"end":{"line":43,"column":5}},{"start":{},"end":{}}],"line":40},"2":{"loc":{"start":{"line":68,"column":18},"end":{"line":68,"column":119}},"type":"cond-expr","locations":[{"start":{"line":68,"column":36},"end":{"line":68,"column":114}},{"start":{"line":68,"column":117},"end":{"line":68,"column":119}}],"line":68},"3":{"loc":{"start":{"line":90,"column":17},"end":{"line":90,"column":87}},"type":"cond-expr","locations":[{"start":{"line":90,"column":32},"end":{"line":90,"column":70}},{"start":{"line":90,"column":74},"end":{"line":90,"column":87}}],"line":90},"4":{"loc":{"start":{"line":90,"column":32},"end":{"line":90,"column":70}},"type":"binary-expr","locations":[{"start":{"line":90,"column":32},"end":{"line":90,"column":56}},{"start":{"line":90,"column":60},"end":{"line":90,"column":70}}],"line":90},"5":{"loc":{"start":{"line":114,"column":2},"end":{"line":116,"column":3}},"type":"if","locations":[{"start":{"line":114,"column":2},"end":{"line":116,"column":3}},{"start":{},"end":{}}],"line":114},"6":{"loc":{"start":{"line":120,"column":22},"end":{"line":120,"column":41}},"type":"binary-expr","locations":[{"start":{"line":120,"column":22},"end":{"line":120,"column":32}},{"start":{"line":120,"column":36},"end":{"line":120,"column":41}}],"line":120},"7":{"loc":{"start":{"line":122,"column":23},"end":{"line":122,"column":45}},"type":"binary-expr","locations":[{"start":{"line":122,"column":23},"end":{"line":122,"column":34}},{"start":{"line":122,"column":38},"end":{"line":122,"column":45}}],"line":122},"8":{"loc":{"start":{"line":125,"column":4},"end":{"line":134,"column":5}},"type":"if","locations":[{"start":{"line":125,"column":4},"end":{"line":134,"column":5}},{"start":{},"end":{}}],"line":125},"9":{"loc":{"start":{"line":136,"column":4},"end":{"line":136,"column":57}},"type":"if","locations":[{"start":{"line":136,"column":4},"end":{"line":136,"column":57}},{"start":{},"end":{}}],"line":136},"10":{"loc":{"start":{"line":145,"column":4},"end":{"line":154,"column":5}},"type":"if","locations":[{"start":{"line":145,"column":4},"end":{"line":154,"column":5}},{"start":{},"end":{}}],"line":145},"11":{"loc":{"start":{"line":156,"column":51},"end":{"line":156,"column":70}},"type":"binary-expr","locations":[{"start":{"line":156,"column":51},"end":{"line":156,"column":62}},{"start":{"line":156,"column":66},"end":{"line":156,"column":70}}],"line":156},"12":{"loc":{"start":{"line":164,"column":31},"end":{"line":164,"column":48}},"type":"binary-expr","locations":[{"start":{"line":164,"column":31},"end":{"line":164,"column":42}},{"start":{"line":164,"column":46},"end":{"line":164,"column":48}}],"line":164},"13":{"loc":{"start":{"line":169,"column":4},"end":{"line":171,"column":5}},"type":"if","locations":[{"start":{"line":169,"column":4},"end":{"line":171,"column":5}},{"start":{},"end":{}}],"line":169},"14":{"loc":{"start":{"line":173,"column":4},"end":{"line":175,"column":5}},"type":"if","locations":[{"start":{"line":173,"column":4},"end":{"line":175,"column":5}},{"start":{},"end":{}}],"line":173},"15":{"loc":{"start":{"line":177,"column":4},"end":{"line":179,"column":5}},"type":"if","locations":[{"start":{"line":177,"column":4},"end":{"line":179,"column":5}},{"start":{},"end":{}}],"line":177},"16":{"loc":{"start":{"line":224,"column":2},"end":{"line":226,"column":3}},"type":"if","locations":[{"start":{"line":224,"column":2},"end":{"line":226,"column":3}},{"start":{},"end":{}}],"line":224},"17":{"loc":{"start":{"line":235,"column":4},"end":{"line":244,"column":5}},"type":"if","locations":[{"start":{"line":235,"column":4},"end":{"line":244,"column":5}},{"start":{},"end":{}}],"line":235},"18":{"loc":{"start":{"line":246,"column":35},"end":{"line":246,"column":54}},"type":"binary-expr","locations":[{"start":{"line":246,"column":35},"end":{"line":246,"column":46}},{"start":{"line":246,"column":50},"end":{"line":246,"column":54}}],"line":246},"19":{"loc":{"start":{"line":258,"column":2},"end":{"line":260,"column":3}},"type":"if","locations":[{"start":{"line":258,"column":2},"end":{"line":260,"column":3}},{"start":{},"end":{}}],"line":258},"20":{"loc":{"start":{"line":274,"column":4},"end":{"line":276,"column":5}},"type":"if","locations":[{"start":{"line":274,"column":4},"end":{"line":276,"column":5}},{"start":{},"end":{}}],"line":274},"21":{"loc":{"start":{"line":278,"column":35},"end":{"line":278,"column":54}},"type":"binary-expr","locations":[{"start":{"line":278,"column":35},"end":{"line":278,"column":46}},{"start":{"line":278,"column":50},"end":{"line":278,"column":54}}],"line":278},"22":{"loc":{"start":{"line":286,"column":70},"end":{"line":286,"column":87}},"type":"binary-expr","locations":[{"start":{"line":286,"column":70},"end":{"line":286,"column":81}},{"start":{"line":286,"column":85},"end":{"line":286,"column":87}}],"line":286},"23":{"loc":{"start":{"line":290,"column":22},"end":{"line":290,"column":41}},"type":"binary-expr","locations":[{"start":{"line":290,"column":22},"end":{"line":290,"column":32}},{"start":{"line":290,"column":36},"end":{"line":290,"column":41}}],"line":290},"24":{"loc":{"start":{"line":291,"column":15},"end":{"line":291,"column":53}},"type":"binary-expr","locations":[{"start":{"line":291,"column":15},"end":{"line":291,"column":22}},{"start":{"line":291,"column":26},"end":{"line":291,"column":53}}],"line":291},"25":{"loc":{"start":{"line":292,"column":19},"end":{"line":292,"column":59}},"type":"binary-expr","locations":[{"start":{"line":292,"column":19},"end":{"line":292,"column":30}},{"start":{"line":292,"column":34},"end":{"line":292,"column":59}}],"line":292},"26":{"loc":{"start":{"line":293,"column":25},"end":{"line":293,"column":44}},"type":"binary-expr","locations":[{"start":{"line":293,"column":25},"end":{"line":293,"column":34}},{"start":{"line":293,"column":38},"end":{"line":293,"column":44}}],"line":293},"27":{"loc":{"start":{"line":296,"column":4},"end":{"line":298,"column":5}},"type":"if","locations":[{"start":{"line":296,"column":4},"end":{"line":298,"column":5}},{"start":{},"end":{}}],"line":296},"28":{"loc":{"start":{"line":318,"column":13},"end":{"line":318,"column":57}},"type":"binary-expr","locations":[{"start":{"line":318,"column":13},"end":{"line":318,"column":26}},{"start":{"line":318,"column":30},"end":{"line":318,"column":57}}],"line":318},"29":{"loc":{"start":{"line":326,"column":25},"end":{"line":326,"column":42}},"type":"binary-expr","locations":[{"start":{"line":326,"column":25},"end":{"line":326,"column":36}},{"start":{"line":326,"column":40},"end":{"line":326,"column":42}}],"line":326},"30":{"loc":{"start":{"line":330,"column":4},"end":{"line":333,"column":5}},"type":"if","locations":[{"start":{"line":330,"column":4},"end":{"line":333,"column":5}},{"start":{},"end":{}}],"line":330},"31":{"loc":{"start":{"line":339,"column":20},"end":{"line":339,"column":108}},"type":"cond-expr","locations":[{"start":{"line":339,"column":33},"end":{"line":339,"column":82}},{"start":{"line":339,"column":85},"end":{"line":339,"column":108}}],"line":339},"32":{"loc":{"start":{"line":346,"column":4},"end":{"line":350,"column":5}},"type":"if","locations":[{"start":{"line":346,"column":4},"end":{"line":350,"column":5}},{"start":{},"end":{}}],"line":346},"33":{"loc":{"start":{"line":354,"column":4},"end":{"line":356,"column":5}},"type":"if","locations":[{"start":{"line":354,"column":4},"end":{"line":356,"column":5}},{"start":{},"end":{}}],"line":354},"34":{"loc":{"start":{"line":364,"column":16},"end":{"line":364,"column":50}},"type":"binary-expr","locations":[{"start":{"line":364,"column":16},"end":{"line":364,"column":37}},{"start":{"line":364,"column":41},"end":{"line":364,"column":50}}],"line":364},"35":{"loc":{"start":{"line":365,"column":18},"end":{"line":365,"column":64}},"type":"binary-expr","locations":[{"start":{"line":365,"column":18},"end":{"line":365,"column":48}},{"start":{"line":365,"column":52},"end":{"line":365,"column":64}}],"line":365},"36":{"loc":{"start":{"line":373,"column":13},"end":{"line":373,"column":56}},"type":"binary-expr","locations":[{"start":{"line":373,"column":13},"end":{"line":373,"column":26}},{"start":{"line":373,"column":30},"end":{"line":373,"column":56}}],"line":373},"37":{"loc":{"start":{"line":380,"column":23},"end":{"line":380,"column":40}},"type":"binary-expr","locations":[{"start":{"line":380,"column":23},"end":{"line":380,"column":34}},{"start":{"line":380,"column":38},"end":{"line":380,"column":40}}],"line":380},"38":{"loc":{"start":{"line":382,"column":2},"end":{"line":384,"column":3}},"type":"if","locations":[{"start":{"line":382,"column":2},"end":{"line":384,"column":3}},{"start":{},"end":{}}],"line":382},"39":{"loc":{"start":{"line":396,"column":16},"end":{"line":396,"column":54}},"type":"binary-expr","locations":[{"start":{"line":396,"column":16},"end":{"line":396,"column":41}},{"start":{"line":396,"column":45},"end":{"line":396,"column":54}}],"line":396},"40":{"loc":{"start":{"line":397,"column":18},"end":{"line":397,"column":68}},"type":"binary-expr","locations":[{"start":{"line":397,"column":18},"end":{"line":397,"column":52}},{"start":{"line":397,"column":56},"end":{"line":397,"column":68}}],"line":397},"41":{"loc":{"start":{"line":413,"column":20},"end":{"line":413,"column":37}},"type":"binary-expr","locations":[{"start":{"line":413,"column":20},"end":{"line":413,"column":31}},{"start":{"line":413,"column":35},"end":{"line":413,"column":37}}],"line":413},"42":{"loc":{"start":{"line":415,"column":2},"end":{"line":417,"column":3}},"type":"if","locations":[{"start":{"line":415,"column":2},"end":{"line":417,"column":3}},{"start":{},"end":{}}],"line":415},"43":{"loc":{"start":{"line":444,"column":13},"end":{"line":444,"column":57}},"type":"binary-expr","locations":[{"start":{"line":444,"column":13},"end":{"line":444,"column":26}},{"start":{"line":444,"column":30},"end":{"line":444,"column":57}}],"line":444},"44":{"loc":{"start":{"line":451,"column":20},"end":{"line":451,"column":37}},"type":"binary-expr","locations":[{"start":{"line":451,"column":20},"end":{"line":451,"column":31}},{"start":{"line":451,"column":35},"end":{"line":451,"column":37}}],"line":451},"45":{"loc":{"start":{"line":453,"column":2},"end":{"line":455,"column":3}},"type":"if","locations":[{"start":{"line":453,"column":2},"end":{"line":455,"column":3}},{"start":{},"end":{}}],"line":453},"46":{"loc":{"start":{"line":461,"column":4},"end":{"line":468,"column":5}},"type":"if","locations":[{"start":{"line":461,"column":4},"end":{"line":468,"column":5}},{"start":{},"end":{}}],"line":461},"47":{"loc":{"start":{"line":479,"column":13},"end":{"line":479,"column":58}},"type":"binary-expr","locations":[{"start":{"line":479,"column":13},"end":{"line":479,"column":26}},{"start":{"line":479,"column":30},"end":{"line":479,"column":58}}],"line":479},"48":{"loc":{"start":{"line":494,"column":2},"end":{"line":496,"column":3}},"type":"if","locations":[{"start":{"line":494,"column":2},"end":{"line":496,"column":3}},{"start":{},"end":{}}],"line":494},"49":{"loc":{"start":{"line":500,"column":4},"end":{"line":504,"column":5}},"type":"if","locations":[{"start":{"line":500,"column":4},"end":{"line":504,"column":5}},{"start":{},"end":{}}],"line":500},"50":{"loc":{"start":{"line":502,"column":6},"end":{"line":502,"column":79}},"type":"if","locations":[{"start":{"line":502,"column":6},"end":{"line":502,"column":79}},{"start":{},"end":{}}],"line":502},"51":{"loc":{"start":{"line":509,"column":4},"end":{"line":511,"column":5}},"type":"if","locations":[{"start":{"line":509,"column":4},"end":{"line":511,"column":5}},{"start":{},"end":{}}],"line":509},"52":{"loc":{"start":{"line":509,"column":8},"end":{"line":509,"column":48}},"type":"binary-expr","locations":[{"start":{"line":509,"column":8},"end":{"line":509,"column":25}},{"start":{"line":509,"column":29},"end":{"line":509,"column":48}}],"line":509},"53":{"loc":{"start":{"line":553,"column":4},"end":{"line":555,"column":5}},"type":"if","locations":[{"start":{"line":553,"column":4},"end":{"line":555,"column":5}},{"start":{},"end":{}}],"line":553},"54":{"loc":{"start":{"line":569,"column":2},"end":{"line":571,"column":3}},"type":"if","locations":[{"start":{"line":569,"column":2},"end":{"line":571,"column":3}},{"start":{},"end":{}}],"line":569},"55":{"loc":{"start":{"line":576,"column":4},"end":{"line":576,"column":73}},"type":"if","locations":[{"start":{"line":576,"column":4},"end":{"line":576,"column":73}},{"start":{},"end":{}}],"line":576},"56":{"loc":{"start":{"line":578,"column":4},"end":{"line":580,"column":5}},"type":"if","locations":[{"start":{"line":578,"column":4},"end":{"line":580,"column":5}},{"start":{},"end":{}}],"line":578},"57":{"loc":{"start":{"line":578,"column":8},"end":{"line":578,"column":86}},"type":"binary-expr","locations":[{"start":{"line":578,"column":8},"end":{"line":578,"column":44}},{"start":{"line":578,"column":48},"end":{"line":578,"column":86}}],"line":578},"58":{"loc":{"start":{"line":583,"column":4},"end":{"line":583,"column":73}},"type":"if","locations":[{"start":{"line":583,"column":4},"end":{"line":583,"column":73}},{"start":{},"end":{}}],"line":583},"59":{"loc":{"start":{"line":586,"column":4},"end":{"line":588,"column":5}},"type":"if","locations":[{"start":{"line":586,"column":4},"end":{"line":588,"column":5}},{"start":{},"end":{}}],"line":586},"60":{"loc":{"start":{"line":586,"column":8},"end":{"line":586,"column":51}},"type":"binary-expr","locations":[{"start":{"line":586,"column":8},"end":{"line":586,"column":29}},{"start":{"line":586,"column":33},"end":{"line":586,"column":51}}],"line":586},"61":{"loc":{"start":{"line":598,"column":4},"end":{"line":600,"column":5}},"type":"if","locations":[{"start":{"line":598,"column":4},"end":{"line":600,"column":5}},{"start":{},"end":{}}],"line":598},"62":{"loc":{"start":{"line":614,"column":2},"end":{"line":616,"column":3}},"type":"if","locations":[{"start":{"line":614,"column":2},"end":{"line":616,"column":3}},{"start":{},"end":{}}],"line":614},"63":{"loc":{"start":{"line":620,"column":4},"end":{"line":620,"column":71}},"type":"if","locations":[{"start":{"line":620,"column":4},"end":{"line":620,"column":71}},{"start":{},"end":{}}],"line":620},"64":{"loc":{"start":{"line":623,"column":4},"end":{"line":625,"column":5}},"type":"if","locations":[{"start":{"line":623,"column":4},"end":{"line":625,"column":5}},{"start":{},"end":{}}],"line":623},"65":{"loc":{"start":{"line":623,"column":8},"end":{"line":623,"column":46}},"type":"binary-expr","locations":[{"start":{"line":623,"column":8},"end":{"line":623,"column":21}},{"start":{"line":623,"column":25},"end":{"line":623,"column":46}}],"line":623},"66":{"loc":{"start":{"line":628,"column":4},"end":{"line":630,"column":5}},"type":"if","locations":[{"start":{"line":628,"column":4},"end":{"line":630,"column":5}},{"start":{},"end":{}}],"line":628},"67":{"loc":{"start":{"line":628,"column":8},"end":{"line":628,"column":86}},"type":"binary-expr","locations":[{"start":{"line":628,"column":8},"end":{"line":628,"column":44}},{"start":{"line":628,"column":48},"end":{"line":628,"column":86}}],"line":628},"68":{"loc":{"start":{"line":653,"column":6},"end":{"line":658,"column":7}},"type":"if","locations":[{"start":{"line":653,"column":6},"end":{"line":658,"column":7}},{"start":{"line":656,"column":13},"end":{"line":658,"column":7}}],"line":653},"69":{"loc":{"start":{"line":661,"column":4},"end":{"line":663,"column":5}},"type":"if","locations":[{"start":{"line":661,"column":4},"end":{"line":663,"column":5}},{"start":{},"end":{}}],"line":661},"70":{"loc":{"start":{"line":681,"column":21},"end":{"line":681,"column":138}},"type":"cond-expr","locations":[{"start":{"line":681,"column":35},"end":{"line":681,"column":101}},{"start":{"line":681,"column":104},"end":{"line":681,"column":138}}],"line":681},"71":{"loc":{"start":{"line":731,"column":67},"end":{"line":731,"column":86}},"type":"binary-expr","locations":[{"start":{"line":731,"column":67},"end":{"line":731,"column":75}},{"start":{"line":731,"column":79},"end":{"line":731,"column":86}}],"line":731},"72":{"loc":{"start":{"line":746,"column":23},"end":{"line":746,"column":86}},"type":"cond-expr","locations":[{"start":{"line":746,"column":72},"end":{"line":746,"column":78}},{"start":{"line":746,"column":81},"end":{"line":746,"column":86}}],"line":746},"73":{"loc":{"start":{"line":753,"column":20},"end":{"line":753,"column":110}},"type":"cond-expr","locations":[{"start":{"line":753,"column":46},"end":{"line":753,"column":96}},{"start":{"line":753,"column":99},"end":{"line":753,"column":110}}],"line":753},"74":{"loc":{"start":{"line":766,"column":52},"end":{"line":766,"column":71}},"type":"binary-expr","locations":[{"start":{"line":766,"column":52},"end":{"line":766,"column":62}},{"start":{"line":766,"column":66},"end":{"line":766,"column":71}}],"line":766},"75":{"loc":{"start":{"line":784,"column":26},"end":{"line":784,"column":45}},"type":"binary-expr","locations":[{"start":{"line":784,"column":26},"end":{"line":784,"column":36}},{"start":{"line":784,"column":40},"end":{"line":784,"column":45}}],"line":784},"76":{"loc":{"start":{"line":803,"column":6},"end":{"line":808,"column":7}},"type":"if","locations":[{"start":{"line":803,"column":6},"end":{"line":808,"column":7}},{"start":{},"end":{}}],"line":803}},"s":{"0":1,"1":1,"2":0,"3":0,"4":0,"5":0,"6":0,"7":1,"8":4,"9":4,"10":4,"11":4,"12":4,"13":0,"14":0,"15":0,"16":0,"17":1,"18":0,"19":0,"20":0,"21":0,"22":0,"23":0,"24":0,"25":1,"26":1,"27":1,"28":1,"29":1,"30":1,"31":1,"32":0,"33":0,"34":1,"35":0,"36":0,"37":0,"38":0,"39":0,"40":0,"41":0,"42":0,"43":1,"44":1,"45":1,"46":1,"47":1,"48":1,"49":0,"50":1,"51":1,"52":1,"53":0,"54":1,"55":0,"56":1,"57":1,"58":1,"59":1,"60":1,"61":0,"62":0,"63":0,"64":1,"65":0,"66":0,"67":0,"68":0,"69":0,"70":0,"71":0,"72":0,"73":0,"74":0,"75":0,"76":0,"77":0,"78":0,"79":0,"80":1,"81":0,"82":0,"83":0,"84":0,"85":0,"86":0,"87":0,"88":1,"89":1,"90":1,"91":1,"92":1,"93":2,"94":1,"95":1,"96":0,"97":0,"98":1,"99":0,"100":0,"101":0,"102":0,"103":0,"104":0,"105":0,"106":0,"107":0,"108":0,"109":0,"110":0,"111":0,"112":0,"113":0,"114":0,"115":1,"116":0,"117":0,"118":0,"119":0,"120":0,"121":0,"122":0,"123":0,"124":0,"125":0,"126":0,"127":0,"128":0,"129":0,"130":0,"131":1,"132":0,"133":0,"134":0,"135":0,"136":0,"137":0,"138":0,"139":0,"140":0,"141":0,"142":1,"143":0,"144":0,"145":0,"146":0,"147":0,"148":0,"149":0,"150":0,"151":0,"152":0,"153":0,"154":0,"155":0,"156":0,"157":0,"158":0,"159":0,"160":0,"161":0,"162":0,"163":0,"164":0,"165":1,"166":0,"167":0,"168":0,"169":0,"170":0,"171":0,"172":0,"173":0,"174":0,"175":1,"176":0,"177":0,"178":0,"179":0,"180":0,"181":0,"182":0,"183":0,"184":0,"185":0,"186":0,"187":1,"188":0,"189":0,"190":0,"191":0,"192":0,"193":0,"194":0,"195":0,"196":0,"197":0,"198":1,"199":3,"200":1,"201":1,"202":1,"203":1,"204":0,"205":1,"206":1,"207":1,"208":0,"209":0,"210":0,"211":0,"212":1,"213":1,"214":1,"215":0,"216":1,"217":1,"218":1,"219":0,"220":1,"221":0,"222":0,"223":1,"224":1,"225":1,"226":1,"227":0,"228":1,"229":1,"230":1,"231":0,"232":1,"233":1,"234":0,"235":1,"236":1,"237":0,"238":1,"239":1,"240":0,"241":1,"242":1,"243":1,"244":0,"245":1,"246":0,"247":0,"248":1,"249":1,"250":1,"251":1,"252":0,"253":1,"254":1,"255":1,"256":0,"257":1,"258":1,"259":0,"260":1,"261":0,"262":1,"263":1,"264":1,"265":1,"266":3,"267":3,"268":3,"269":3,"270":3,"271":0,"272":1,"273":0,"274":1,"275":0,"276":0,"277":1,"278":1,"279":1,"280":1,"281":1,"282":1,"283":1,"284":1,"285":1,"286":1,"287":1,"288":1,"289":1,"290":1,"291":1,"292":1,"293":0,"294":1,"295":0,"296":0,"297":1,"298":1,"299":1,"300":1,"301":1,"302":1,"303":1,"304":1,"305":1,"306":1,"307":1,"308":1,"309":4,"310":1,"311":1,"312":1,"313":3,"314":3,"315":3,"316":3,"317":3,"318":3,"319":1,"320":0,"321":0,"322":1},"f":{"0":0,"1":4,"2":0,"3":0,"4":1,"5":1,"6":0,"7":1,"8":0,"9":0,"10":1,"11":2,"12":1,"13":0,"14":0,"15":0,"16":0,"17":0,"18":0,"19":0,"20":0,"21":3,"22":1,"23":1,"24":1,"25":1,"26":1,"27":1,"28":1,"29":4},"b":{"0":[0,0],"1":[4,0],"2":[1,0],"3":[0,0],"4":[0,0],"5":[0,1],"6":[1,0],"7":[1,1],"8":[0,1],"9":[0,1],"10":[1,0],"11":[0,0],"12":[0,0],"13":[0,0],"14":[0,0],"15":[0,0],"16":[0,0],"17":[0,0],"18":[0,0],"19":[0,0],"20":[0,0],"21":[0,0],"22":[0,0],"23":[0,0],"24":[0,0],"25":[0,0],"26":[0,0],"27":[0,0],"28":[0,0],"29":[0,0],"30":[0,0],"31":[0,0],"32":[0,0],"33":[0,0],"34":[0,0],"35":[0,0],"36":[0,0],"37":[0,0],"38":[0,0],"39":[0,0],"40":[0,0],"41":[0,0],"42":[0,0],"43":[0,0],"44":[0,0],"45":[0,0],"46":[0,0],"47":[0,0],"48":[0,1],"49":[0,1],"50":[0,0],"51":[0,1],"52":[1,1],"53":[0,1],"54":[0,1],"55":[0,1],"56":[0,1],"57":[1,1],"58":[0,1],"59":[0,1],"60":[1,1],"61":[0,1],"62":[0,1],"63":[0,1],"64":[0,1],"65":[1,1],"66":[0,1],"67":[1,1],"68":[3,0],"69":[0,1],"70":[1,0],"71":[1,0],"72":[1,0],"73":[1,0],"74":[1,0],"75":[3,0],"76":[3,0]},"_coverageSchema":"1a1c01bbd47fc00a2c39e90264f33305004495a9","hash":"c6e69aa1d789eba238be5d61768a15712b64efb5"}
,"/Users/psama0214/Hackathon-New/incident-war-room/src/utils/permissions.js": {"path":"/Users/psama0214/Hackathon-New/incident-war-room/src/utils/permissions.js","statementMap":{"0":{"start":{"line":3,"column":21},"end":{"line":8,"column":1}},"1":{"start":{"line":10,"column":27},"end":{"line":15,"column":1}},"2":{"start":{"line":18,"column":4},"end":{"line":26,"column":5}},"3":{"start":{"line":19,"column":25},"end":{"line":20,"column":79}},"4":{"start":{"line":21,"column":21},"end":{"line":21,"column":42}},"5":{"start":{"line":22,"column":8},"end":{"line":22,"column":37}},"6":{"start":{"line":22,"column":29},"end":{"line":22,"column":35}},"7":{"start":{"line":24,"column":8},"end":{"line":24,"column":60}},"8":{"start":{"line":25,"column":8},"end":{"line":25,"column":18}},"9":{"start":{"line":30,"column":24},"end":{"line":30,"column":33}},"10":{"start":{"line":33,"column":26},"end":{"line":33,"column":64}},"11":{"start":{"line":33,"column":51},"end":{"line":33,"column":63}},"12":{"start":{"line":35,"column":4},"end":{"line":51,"column":5}},"13":{"start":{"line":37,"column":8},"end":{"line":42,"column":11}},"14":{"start":{"line":38,"column":31},"end":{"line":38,"column":43}},"15":{"start":{"line":39,"column":12},"end":{"line":41,"column":13}},"16":{"start":{"line":40,"column":16},"end":{"line":40,"column":60}},"17":{"start":{"line":40,"column":40},"end":{"line":40,"column":58}},"18":{"start":{"line":46,"column":8},"end":{"line":46,"column":32}},"19":{"start":{"line":47,"column":8},"end":{"line":47,"column":34}},"20":{"start":{"line":48,"column":8},"end":{"line":48,"column":34}},"21":{"start":{"line":49,"column":8},"end":{"line":49,"column":34}},"22":{"start":{"line":50,"column":8},"end":{"line":50,"column":35}},"23":{"start":{"line":54,"column":4},"end":{"line":54,"column":28}},"24":{"start":{"line":56,"column":4},"end":{"line":56,"column":35}},"25":{"start":{"line":60,"column":4},"end":{"line":60,"column":40}},"26":{"start":{"line":65,"column":4},"end":{"line":65,"column":81}},"27":{"start":{"line":65,"column":52},"end":{"line":65,"column":81}},"28":{"start":{"line":66,"column":4},"end":{"line":66,"column":75}},"29":{"start":{"line":66,"column":49},"end":{"line":66,"column":75}},"30":{"start":{"line":67,"column":4},"end":{"line":67,"column":63}},"31":{"start":{"line":67,"column":43},"end":{"line":67,"column":63}},"32":{"start":{"line":68,"column":4},"end":{"line":68,"column":61}},"33":{"start":{"line":68,"column":42},"end":{"line":68,"column":61}},"34":{"start":{"line":71,"column":4},"end":{"line":71,"column":16}}},"fnMap":{"0":{"name":"getUserGroups","decl":{"start":{"line":17,"column":22},"end":{"line":17,"column":35}},"loc":{"start":{"line":17,"column":47},"end":{"line":27,"column":1}},"line":17},"1":{"name":"(anonymous_1)","decl":{"start":{"line":22,"column":24},"end":{"line":22,"column":25}},"loc":{"start":{"line":22,"column":29},"end":{"line":22,"column":35}},"line":22},"2":{"name":"getUserPermissions","decl":{"start":{"line":29,"column":16},"end":{"line":29,"column":34}},"loc":{"start":{"line":29,"column":47},"end":{"line":57,"column":1}},"line":29},"3":{"name":"(anonymous_3)","decl":{"start":{"line":33,"column":42},"end":{"line":33,"column":43}},"loc":{"start":{"line":33,"column":51},"end":{"line":33,"column":63}},"line":33},"4":{"name":"(anonymous_4)","decl":{"start":{"line":37,"column":27},"end":{"line":37,"column":28}},"loc":{"start":{"line":37,"column":36},"end":{"line":42,"column":9}},"line":37},"5":{"name":"(anonymous_5)","decl":{"start":{"line":40,"column":35},"end":{"line":40,"column":36}},"loc":{"start":{"line":40,"column":40},"end":{"line":40,"column":58}},"line":40},"6":{"name":"hasPermission","decl":{"start":{"line":59,"column":16},"end":{"line":59,"column":29}},"loc":{"start":{"line":59,"column":51},"end":{"line":61,"column":1}},"line":59},"7":{"name":"getUserPrimaryRole","decl":{"start":{"line":63,"column":16},"end":{"line":63,"column":34}},"loc":{"start":{"line":63,"column":47},"end":{"line":72,"column":1}},"line":63}},"branchMap":{"0":{"loc":{"start":{"line":35,"column":4},"end":{"line":51,"column":5}},"type":"if","locations":[{"start":{"line":35,"column":4},"end":{"line":51,"column":5}},{"start":{"line":43,"column":11},"end":{"line":51,"column":5}}],"line":35},"1":{"loc":{"start":{"line":39,"column":12},"end":{"line":41,"column":13}},"type":"if","locations":[{"start":{"line":39,"column":12},"end":{"line":41,"column":13}},{"start":{},"end":{}}],"line":39},"2":{"loc":{"start":{"line":65,"column":4},"end":{"line":65,"column":81}},"type":"if","locations":[{"start":{"line":65,"column":4},"end":{"line":65,"column":81}},{"start":{},"end":{}}],"line":65},"3":{"loc":{"start":{"line":66,"column":4},"end":{"line":66,"column":75}},"type":"if","locations":[{"start":{"line":66,"column":4},"end":{"line":66,"column":75}},{"start":{},"end":{}}],"line":66},"4":{"loc":{"start":{"line":67,"column":4},"end":{"line":67,"column":63}},"type":"if","locations":[{"start":{"line":67,"column":4},"end":{"line":67,"column":63}},{"start":{},"end":{}}],"line":67},"5":{"loc":{"start":{"line":68,"column":4},"end":{"line":68,"column":61}},"type":"if","locations":[{"start":{"line":68,"column":4},"end":{"line":68,"column":61}},{"start":{},"end":{}}],"line":68}},"s":{"0":1,"1":1,"2":0,"3":0,"4":0,"5":0,"6":0,"7":0,"8":0,"9":3,"10":3,"11":4,"12":3,"13":2,"14":3,"15":3,"16":3,"17":8,"18":1,"19":1,"20":1,"21":1,"22":1,"23":3,"24":3,"25":2,"26":2,"27":1,"28":1,"29":0,"30":1,"31":0,"32":1,"33":0,"34":1},"f":{"0":0,"1":0,"2":3,"3":4,"4":3,"5":8,"6":2,"7":2},"b":{"0":[2,1],"1":[3,0],"2":[1,1],"3":[0,1],"4":[0,1],"5":[0,1]},"_coverageSchema":"1a1c01bbd47fc00a2c39e90264f33305004495a9","hash":"4d1371a65509a36e75c64ee5189d14a8cbef7a30"}
,"/Users/psama0214/Hackathon-New/incident-war-room/src/utils/search.js": {"path":"/Users/psama0214/Hackathon-New/incident-war-room/src/utils/search.js","statementMap":{"0":{"start":{"line":10,"column":4},"end":{"line":73,"column":5}},"1":{"start":{"line":12,"column":20},"end":{"line":12,"column":102}},"2":{"start":{"line":14,"column":25},"end":{"line":14,"column":41}},"3":{"start":{"line":16,"column":8},"end":{"line":18,"column":9}},"4":{"start":{"line":17,"column":12},"end":{"line":17,"column":70}},"5":{"start":{"line":20,"column":21},"end":{"line":20,"column":42}},"6":{"start":{"line":23,"column":24},"end":{"line":23,"column":26}},"7":{"start":{"line":25,"column":8},"end":{"line":50,"column":9}},"8":{"start":{"line":26,"column":12},"end":{"line":49,"column":13}},"9":{"start":{"line":27,"column":16},"end":{"line":33,"column":17}},"10":{"start":{"line":28,"column":20},"end":{"line":32,"column":23}},"11":{"start":{"line":36,"column":16},"end":{"line":46,"column":17}},"12":{"start":{"line":37,"column":20},"end":{"line":45,"column":21}},"13":{"start":{"line":38,"column":24},"end":{"line":44,"column":25}},"14":{"start":{"line":39,"column":28},"end":{"line":43,"column":31}},"15":{"start":{"line":48,"column":16},"end":{"line":48,"column":47}},"16":{"start":{"line":48,"column":41},"end":{"line":48,"column":47}},"17":{"start":{"line":53,"column":8},"end":{"line":59,"column":9}},"18":{"start":{"line":54,"column":12},"end":{"line":58,"column":15}},"19":{"start":{"line":61,"column":8},"end":{"line":65,"column":10}},"20":{"start":{"line":67,"column":8},"end":{"line":67,"column":46}},"21":{"start":{"line":68,"column":8},"end":{"line":72,"column":10}}},"fnMap":{"0":{"name":"searchWeb","decl":{"start":{"line":9,"column":22},"end":{"line":9,"column":31}},"loc":{"start":{"line":9,"column":39},"end":{"line":74,"column":1}},"line":9}},"branchMap":{"0":{"loc":{"start":{"line":16,"column":8},"end":{"line":18,"column":9}},"type":"if","locations":[{"start":{"line":16,"column":8},"end":{"line":18,"column":9}},{"start":{},"end":{}}],"line":16},"1":{"loc":{"start":{"line":25,"column":8},"end":{"line":50,"column":9}},"type":"if","locations":[{"start":{"line":25,"column":8},"end":{"line":50,"column":9}},{"start":{},"end":{}}],"line":25},"2":{"loc":{"start":{"line":25,"column":12},"end":{"line":25,"column":63}},"type":"binary-expr","locations":[{"start":{"line":25,"column":12},"end":{"line":25,"column":30}},{"start":{"line":25,"column":34},"end":{"line":25,"column":63}}],"line":25},"3":{"loc":{"start":{"line":27,"column":16},"end":{"line":33,"column":17}},"type":"if","locations":[{"start":{"line":27,"column":16},"end":{"line":33,"column":17}},{"start":{},"end":{}}],"line":27},"4":{"loc":{"start":{"line":27,"column":20},"end":{"line":27,"column":48}},"type":"binary-expr","locations":[{"start":{"line":27,"column":20},"end":{"line":27,"column":30}},{"start":{"line":27,"column":34},"end":{"line":27,"column":48}}],"line":27},"5":{"loc":{"start":{"line":36,"column":16},"end":{"line":46,"column":17}},"type":"if","locations":[{"start":{"line":36,"column":16},"end":{"line":46,"column":17}},{"start":{},"end":{}}],"line":36},"6":{"loc":{"start":{"line":36,"column":20},"end":{"line":36,"column":63}},"type":"binary-expr","locations":[{"start":{"line":36,"column":20},"end":{"line":36,"column":32}},{"start":{"line":36,"column":36},"end":{"line":36,"column":63}}],"line":36},"7":{"loc":{"start":{"line":38,"column":24},"end":{"line":44,"column":25}},"type":"if","locations":[{"start":{"line":38,"column":24},"end":{"line":44,"column":25}},{"start":{},"end":{}}],"line":38},"8":{"loc":{"start":{"line":38,"column":28},"end":{"line":38,"column":58}},"type":"binary-expr","locations":[{"start":{"line":38,"column":28},"end":{"line":38,"column":39}},{"start":{"line":38,"column":43},"end":{"line":38,"column":58}}],"line":38},"9":{"loc":{"start":{"line":48,"column":16},"end":{"line":48,"column":47}},"type":"if","locations":[{"start":{"line":48,"column":16},"end":{"line":48,"column":47}},{"start":{},"end":{}}],"line":48},"10":{"loc":{"start":{"line":53,"column":8},"end":{"line":59,"column":9}},"type":"if","locations":[{"start":{"line":53,"column":8},"end":{"line":59,"column":9}},{"start":{},"end":{}}],"line":53},"11":{"loc":{"start":{"line":53,"column":12},"end":{"line":53,"column":53}},"type":"binary-expr","locations":[{"start":{"line":53,"column":12},"end":{"line":53,"column":32}},{"start":{"line":53,"column":36},"end":{"line":53,"column":53}}],"line":53},"12":{"loc":{"start":{"line":55,"column":23},"end":{"line":55,"column":44}},"type":"binary-expr","locations":[{"start":{"line":55,"column":23},"end":{"line":55,"column":35}},{"start":{"line":55,"column":39},"end":{"line":55,"column":44}}],"line":55},"13":{"loc":{"start":{"line":56,"column":21},"end":{"line":56,"column":65}},"type":"binary-expr","locations":[{"start":{"line":56,"column":21},"end":{"line":56,"column":37}},{"start":{"line":56,"column":41},"end":{"line":56,"column":65}}],"line":56},"14":{"loc":{"start":{"line":70,"column":19},"end":{"line":70,"column":51}},"type":"binary-expr","locations":[{"start":{"line":70,"column":19},"end":{"line":70,"column":32}},{"start":{"line":70,"column":36},"end":{"line":70,"column":51}}],"line":70}},"s":{"0":4,"1":4,"2":4,"3":4,"4":1,"5":3,"6":3,"7":3,"8":2,"9":3,"10":2,"11":3,"12":1,"13":1,"14":1,"15":3,"16":0,"17":3,"18":1,"19":3,"20":1,"21":1},"f":{"0":4},"b":{"0":[1,3],"1":[2,1],"2":[3,3],"3":[2,1],"4":[3,2],"5":[1,2],"6":[3,1],"7":[1,0],"8":[1,1],"9":[0,3],"10":[1,2],"11":[3,1],"12":[1,0],"13":[1,0],"14":[1,0]},"_coverageSchema":"1a1c01bbd47fc00a2c39e90264f33305004495a9","hash":"bbe401562a14318909ec40c08371aaf1ef8e8892"}
}
