TN:
SF:src/index.js
FNF:0
FNH:0
LF:0
LH:0
BRF:0
BRH:0
end_of_record
TN:
SF:src/actions/index.js
FN:3,(anonymous_0)
FN:32,addComment
FNF:2
FNH:0
FNDA:0,(anonymous_0)
FNDA:0,addComment
DA:3,0
DA:4,0
DA:14,0
DA:23,0
DA:24,0
DA:26,0
DA:33,0
DA:34,0
DA:36,0
LF:9
LH:0
BRDA:23,0,0,0
BRDA:23,0,1,0
BRF:2
BRH:0
end_of_record
TN:
SF:src/resolvers/async-search.js
FN:12,asyncSearchHandler
FNF:1
FNH:1
FNDA:3,asyncSearchHandler
DA:13,3
DA:15,3
DA:16,1
DA:17,1
DA:20,2
DA:22,2
DA:24,2
DA:27,1
DA:36,1
DA:38,1
DA:40,1
DA:43,1
DA:51,1
DA:56,1
LF:14
LH:14
BRDA:15,0,0,1
BRDA:15,0,1,2
BRDA:15,1,0,3
BRDA:15,1,1,2
BRDA:31,2,0,1
BRDA:31,2,1,0
BRDA:32,3,0,1
BRDA:32,3,1,0
BRDA:47,4,0,1
BRDA:47,4,1,0
BRF:10
BRH:7
end_of_record
TN:
SF:src/resolvers/index.js
FN:10,(anonymous_0)
FN:18,(anonymous_1)
FN:52,(anonymous_2)
FN:56,(anonymous_3)
FN:60,(anonymous_4)
FN:68,(anonymous_5)
FN:77,(anonymous_6)
FN:106,(anonymous_7)
FN:163,(anonymous_8)
FN:187,(anonymous_9)
FN:196,(anonymous_10)
FN:204,(anonymous_11)
FN:206,(anonymous_12)
FN:216,(anonymous_13)
FN:250,(anonymous_14)
FN:285,(anonymous_15)
FN:324,(anonymous_16)
FN:361,(anonymous_17)
FN:379,(anonymous_18)
FN:412,(anonymous_19)
FN:450,(anonymous_20)
FN:487,(anonymous_21)
FN:490,(anonymous_22)
FN:565,(anonymous_23)
FN:610,(anonymous_24)
FN:673,(anonymous_25)
FN:681,(anonymous_26)
FN:740,(anonymous_27)
FN:764,(anonymous_28)
FN:777,(anonymous_29)
FNF:30
FNH:29
FNDA:0,(anonymous_0)
FNDA:9,(anonymous_1)
FNDA:1,(anonymous_2)
FNDA:1,(anonymous_3)
FNDA:1,(anonymous_4)
FNDA:1,(anonymous_5)
FNDA:1,(anonymous_6)
FNDA:1,(anonymous_7)
FNDA:1,(anonymous_8)
FNDA:1,(anonymous_9)
FNDA:1,(anonymous_10)
FNDA:2,(anonymous_11)
FNDA:1,(anonymous_12)
FNDA:1,(anonymous_13)
FNDA:1,(anonymous_14)
FNDA:1,(anonymous_15)
FNDA:1,(anonymous_16)
FNDA:1,(anonymous_17)
FNDA:1,(anonymous_18)
FNDA:1,(anonymous_19)
FNDA:2,(anonymous_20)
FNDA:3,(anonymous_21)
FNDA:1,(anonymous_22)
FNDA:1,(anonymous_23)
FNDA:1,(anonymous_24)
FNDA:1,(anonymous_25)
FNDA:1,(anonymous_26)
FNDA:1,(anonymous_27)
FNDA:2,(anonymous_28)
FNDA:14,(anonymous_29)
DA:8,2
DA:10,2
DA:11,0
DA:12,0
DA:13,0
DA:14,0
DA:18,2
DA:19,9
DA:20,9
DA:40,9
DA:41,4
DA:42,4
DA:44,5
DA:45,5
DA:47,0
DA:48,0
DA:52,2
DA:53,1
DA:54,1
DA:55,1
DA:56,1
DA:57,0
DA:60,2
DA:61,1
DA:62,1
DA:63,1
DA:64,1
DA:66,1
DA:68,1
DA:71,0
DA:72,0
DA:77,2
DA:78,1
DA:79,1
DA:80,1
DA:81,1
DA:82,1
DA:84,1
DA:93,0
DA:95,0
DA:106,2
DA:107,1
DA:110,1
DA:111,1
DA:112,1
DA:114,1
DA:115,0
DA:118,1
DA:119,1
DA:125,1
DA:126,0
DA:136,1
DA:138,1
DA:144,1
DA:145,1
DA:147,1
DA:153,1
DA:156,0
DA:158,0
DA:159,0
DA:163,2
DA:164,1
DA:165,1
DA:166,1
DA:167,1
DA:169,1
DA:170,1
DA:173,1
DA:174,0
DA:177,1
DA:178,1
DA:181,1
DA:182,1
DA:183,1
DA:184,0
DA:187,2
DA:188,1
DA:189,1
DA:190,1
DA:191,1
DA:192,1
DA:193,0
DA:196,2
DA:197,1
DA:199,1
DA:200,1
DA:203,1
DA:204,2
DA:206,1
DA:212,1
DA:213,0
DA:216,2
DA:217,1
DA:220,1
DA:221,1
DA:222,1
DA:224,1
DA:225,0
DA:228,1
DA:229,1
DA:230,1
DA:235,1
DA:237,1
DA:243,1
DA:245,0
DA:246,0
DA:247,0
DA:250,2
DA:251,1
DA:254,1
DA:255,1
DA:256,1
DA:258,1
DA:259,0
DA:262,1
DA:264,1
DA:270,1
DA:274,1
DA:275,1
DA:277,0
DA:278,0
DA:279,0
DA:285,2
DA:286,1
DA:288,1
DA:289,1
DA:296,1
DA:297,0
DA:300,1
DA:306,1
DA:308,1
DA:315,0
DA:316,0
DA:324,2
DA:325,1
DA:326,1
DA:328,1
DA:329,1
DA:330,1
DA:332,1
DA:338,1
DA:339,1
DA:341,1
DA:342,1
DA:344,1
DA:346,1
DA:347,0
DA:348,0
DA:349,0
DA:352,1
DA:354,1
DA:355,0
DA:358,1
DA:361,1
DA:370,1
DA:371,1
DA:379,2
DA:380,1
DA:382,1
DA:383,0
DA:386,1
DA:387,1
DA:388,1
DA:390,1
DA:403,0
DA:404,0
DA:412,2
DA:413,1
DA:415,1
DA:416,0
DA:419,1
DA:421,1
DA:423,1
DA:426,1
DA:427,1
DA:433,1
DA:441,0
DA:442,0
DA:450,2
DA:451,2
DA:453,2
DA:454,0
DA:457,2
DA:459,2
DA:461,2
DA:463,1
DA:471,1
DA:476,0
DA:477,0
DA:487,3
DA:490,2
DA:491,1
DA:492,1
DA:494,1
DA:495,0
DA:498,1
DA:499,1
DA:500,1
DA:501,0
DA:502,0
DA:503,0
DA:505,1
DA:508,1
DA:509,1
DA:510,0
DA:513,1
DA:545,1
DA:553,1
DA:554,0
DA:557,1
DA:559,0
DA:560,0
DA:565,2
DA:566,1
DA:567,1
DA:569,1
DA:570,0
DA:573,1
DA:575,1
DA:576,1
DA:577,1
DA:578,1
DA:579,0
DA:582,1
DA:583,1
DA:584,1
DA:586,1
DA:587,0
DA:590,1
DA:592,1
DA:598,1
DA:599,0
DA:602,1
DA:604,0
DA:605,0
DA:610,2
DA:611,1
DA:612,1
DA:614,1
DA:615,0
DA:618,1
DA:619,1
DA:620,1
DA:621,1
DA:623,1
DA:624,0
DA:628,1
DA:629,0
DA:632,1
DA:633,1
DA:634,1
DA:636,1
DA:637,3
DA:647,3
DA:653,3
DA:654,3
DA:655,3
DA:657,0
DA:661,1
DA:662,0
DA:665,1
DA:667,0
DA:668,0
DA:673,2
DA:674,1
DA:676,1
DA:677,1
DA:678,1
DA:679,1
DA:681,1
DA:683,1
DA:697,1
DA:698,1
DA:699,1
DA:700,1
DA:719,1
DA:720,1
DA:721,1
DA:723,0
DA:726,1
DA:734,0
DA:735,0
DA:740,2
DA:742,1
DA:743,1
DA:744,1
DA:746,1
DA:748,1
DA:756,1
DA:764,2
DA:765,2
DA:766,2
DA:768,2
DA:777,14
DA:778,2
DA:780,2
DA:781,2
DA:782,6
DA:797,6
DA:803,6
DA:804,6
DA:805,6
DA:807,6
DA:810,2
DA:812,0
DA:813,0
DA:817,2
LF:307
LH:237
BRDA:13,0,0,0
BRDA:13,0,1,0
BRDA:40,1,0,4
BRDA:40,1,1,5
BRDA:68,2,0,1
BRDA:68,2,1,0
BRDA:90,3,0,1
BRDA:90,3,1,0
BRDA:90,4,0,1
BRDA:90,4,1,0
BRDA:114,5,0,0
BRDA:114,5,1,1
BRDA:120,6,0,1
BRDA:120,6,1,0
BRDA:122,7,0,1
BRDA:122,7,1,1
BRDA:125,8,0,0
BRDA:125,8,1,1
BRDA:136,9,0,0
BRDA:136,9,1,1
BRDA:145,10,0,1
BRDA:145,10,1,0
BRDA:156,11,0,0
BRDA:156,11,1,0
BRDA:164,12,0,1
BRDA:164,12,1,0
BRDA:169,13,0,1
BRDA:169,13,1,0
BRDA:173,14,0,0
BRDA:173,14,1,1
BRDA:177,15,0,1
BRDA:177,15,1,0
BRDA:224,16,0,0
BRDA:224,16,1,1
BRDA:235,17,0,1
BRDA:235,17,1,0
BRDA:246,18,0,0
BRDA:246,18,1,0
BRDA:258,19,0,0
BRDA:258,19,1,1
BRDA:274,20,0,1
BRDA:274,20,1,0
BRDA:278,21,0,0
BRDA:278,21,1,0
BRDA:286,22,0,1
BRDA:286,22,1,0
BRDA:290,23,0,1
BRDA:290,23,1,1
BRDA:291,24,0,1
BRDA:291,24,1,0
BRDA:292,25,0,1
BRDA:292,25,1,1
BRDA:293,26,0,1
BRDA:293,26,1,1
BRDA:296,27,0,0
BRDA:296,27,1,1
BRDA:318,28,0,0
BRDA:318,28,1,0
BRDA:326,29,0,1
BRDA:326,29,1,0
BRDA:330,30,0,1
BRDA:330,30,1,0
BRDA:339,31,0,1
BRDA:339,31,1,0
BRDA:346,32,0,0
BRDA:346,32,1,1
BRDA:354,33,0,0
BRDA:354,33,1,1
BRDA:364,34,0,0
BRDA:364,34,1,0
BRDA:365,35,0,0
BRDA:365,35,1,0
BRDA:373,36,0,1
BRDA:373,36,1,0
BRDA:380,37,0,1
BRDA:380,37,1,0
BRDA:382,38,0,0
BRDA:382,38,1,1
BRDA:396,39,0,1
BRDA:396,39,1,1
BRDA:397,40,0,1
BRDA:397,40,1,1
BRDA:413,41,0,1
BRDA:413,41,1,0
BRDA:415,42,0,0
BRDA:415,42,1,1
BRDA:444,43,0,0
BRDA:444,43,1,0
BRDA:451,44,0,2
BRDA:451,44,1,0
BRDA:453,45,0,0
BRDA:453,45,1,2
BRDA:461,46,0,1
BRDA:461,46,1,1
BRDA:479,47,0,0
BRDA:479,47,1,0
BRDA:494,48,0,0
BRDA:494,48,1,1
BRDA:500,49,0,0
BRDA:500,49,1,1
BRDA:502,50,0,0
BRDA:502,50,1,0
BRDA:509,51,0,0
BRDA:509,51,1,1
BRDA:509,52,0,1
BRDA:509,52,1,1
BRDA:553,53,0,0
BRDA:553,53,1,1
BRDA:569,54,0,0
BRDA:569,54,1,1
BRDA:576,55,0,0
BRDA:576,55,1,1
BRDA:578,56,0,0
BRDA:578,56,1,1
BRDA:578,57,0,1
BRDA:578,57,1,1
BRDA:583,58,0,0
BRDA:583,58,1,1
BRDA:586,59,0,0
BRDA:586,59,1,1
BRDA:586,60,0,1
BRDA:586,60,1,1
BRDA:598,61,0,0
BRDA:598,61,1,1
BRDA:614,62,0,0
BRDA:614,62,1,1
BRDA:620,63,0,0
BRDA:620,63,1,1
BRDA:623,64,0,0
BRDA:623,64,1,1
BRDA:623,65,0,1
BRDA:623,65,1,1
BRDA:628,66,0,0
BRDA:628,66,1,1
BRDA:628,67,0,1
BRDA:628,67,1,1
BRDA:653,68,0,3
BRDA:653,68,1,0
BRDA:661,69,0,0
BRDA:661,69,1,1
BRDA:681,70,0,1
BRDA:681,70,1,0
BRDA:731,71,0,1
BRDA:731,71,1,0
BRDA:746,72,0,1
BRDA:746,72,1,0
BRDA:753,73,0,1
BRDA:753,73,1,0
BRDA:766,74,0,2
BRDA:766,74,1,0
BRDA:784,75,0,6
BRDA:784,75,1,0
BRDA:803,76,0,6
BRDA:803,76,1,0
BRF:154
BRH:80
end_of_record
TN:
SF:src/utils/permissions.js
FN:17,getUserGroups
FN:22,(anonymous_1)
FN:29,getUserPermissions
FN:33,(anonymous_3)
FN:37,(anonymous_4)
FN:40,(anonymous_5)
FN:59,hasPermission
FN:63,getUserPrimaryRole
FNF:8
FNH:8
FNDA:2,getUserGroups
FNDA:2,(anonymous_1)
FNDA:4,getUserPermissions
FNDA:5,(anonymous_3)
FNDA:5,(anonymous_4)
FNDA:13,(anonymous_5)
FNDA:2,hasPermission
FNDA:3,getUserPrimaryRole
DA:3,2
DA:10,2
DA:18,2
DA:19,2
DA:21,1
DA:22,2
DA:24,1
DA:25,1
DA:30,4
DA:33,5
DA:35,4
DA:37,3
DA:38,5
DA:39,5
DA:40,13
DA:46,1
DA:47,1
DA:48,1
DA:49,1
DA:50,1
DA:54,4
DA:56,4
DA:60,2
DA:65,3
DA:66,2
DA:67,1
DA:68,1
DA:71,1
LF:28
LH:28
BRDA:35,0,0,3
BRDA:35,0,1,1
BRDA:39,1,0,4
BRDA:39,1,1,1
BRDA:65,2,0,1
BRDA:65,2,1,2
BRDA:66,3,0,1
BRDA:66,3,1,1
BRDA:67,4,0,0
BRDA:67,4,1,1
BRDA:68,5,0,0
BRDA:68,5,1,1
BRF:12
BRH:10
end_of_record
TN:
SF:src/utils/search.js
FN:9,searchWeb
FNF:1
FNH:1
FNDA:6,searchWeb
DA:10,6
DA:12,6
DA:14,6
DA:16,5
DA:17,1
DA:20,4
DA:23,4
DA:25,4
DA:26,2
DA:27,3
DA:28,2
DA:36,3
DA:37,1
DA:38,1
DA:39,1
DA:48,3
DA:53,4
DA:54,1
DA:61,4
DA:67,2
DA:68,2
LF:21
LH:21
BRDA:16,0,0,1
BRDA:16,0,1,4
BRDA:25,1,0,2
BRDA:25,1,1,2
BRDA:25,2,0,4
BRDA:25,2,1,4
BRDA:27,3,0,2
BRDA:27,3,1,1
BRDA:27,4,0,3
BRDA:27,4,1,2
BRDA:36,5,0,1
BRDA:36,5,1,2
BRDA:36,6,0,3
BRDA:36,6,1,1
BRDA:38,7,0,1
BRDA:38,7,1,0
BRDA:38,8,0,1
BRDA:38,8,1,1
BRDA:48,9,0,0
BRDA:48,9,1,3
BRDA:53,10,0,1
BRDA:53,10,1,3
BRDA:53,11,0,4
BRDA:53,11,1,2
BRDA:55,12,0,1
BRDA:55,12,1,0
BRDA:56,13,0,1
BRDA:56,13,1,0
BRDA:70,14,0,2
BRDA:70,14,1,0
BRF:30
BRH:25
end_of_record
