<?xml version="1.0" encoding="UTF-8"?>
<coverage generated="1765975034743" clover="3.2.0">
  <project timestamp="1765975034743" name="All files">
    <metrics statements="63" coveredstatements="26" conditionals="52" coveredconditionals="18" methods="10" coveredmethods="4" elements="125" coveredelements="48" complexity="0" loc="63" ncloc="63" packages="2" files="3" classes="3"/>
    <package name="resolvers">
      <metrics statements="14" coveredstatements="0" conditionals="10" coveredconditionals="0" methods="1" coveredmethods="0"/>
      <file name="async-search.js" path="/Users/psama0214/Hackathon-New/incident-war-room/src/resolvers/async-search.js">
        <metrics statements="14" coveredstatements="0" conditionals="10" coveredconditionals="0" methods="1" coveredmethods="0"/>
        <line num="13" count="0" type="stmt"/>
        <line num="15" count="0" type="cond" truecount="0" falsecount="4"/>
        <line num="16" count="0" type="stmt"/>
        <line num="17" count="0" type="stmt"/>
        <line num="20" count="0" type="stmt"/>
        <line num="22" count="0" type="stmt"/>
        <line num="24" count="0" type="stmt"/>
        <line num="27" count="0" type="stmt"/>
        <line num="36" count="0" type="stmt"/>
        <line num="38" count="0" type="stmt"/>
        <line num="40" count="0" type="stmt"/>
        <line num="43" count="0" type="stmt"/>
        <line num="51" count="0" type="stmt"/>
        <line num="56" count="0" type="stmt"/>
      </file>
    </package>
    <package name="utils">
      <metrics statements="49" coveredstatements="26" conditionals="42" coveredconditionals="18" methods="9" coveredmethods="4"/>
      <file name="permissions.js" path="/Users/psama0214/Hackathon-New/incident-war-room/src/utils/permissions.js">
        <metrics statements="28" coveredstatements="10" conditionals="12" coveredconditionals="4" methods="8" coveredmethods="3"/>
        <line num="3" count="1" type="stmt"/>
        <line num="10" count="1" type="stmt"/>
        <line num="18" count="0" type="stmt"/>
        <line num="19" count="0" type="stmt"/>
        <line num="21" count="0" type="stmt"/>
        <line num="22" count="0" type="stmt"/>
        <line num="24" count="0" type="stmt"/>
        <line num="25" count="0" type="stmt"/>
        <line num="30" count="5" type="stmt"/>
        <line num="33" count="5" type="stmt"/>
        <line num="35" count="0" type="cond" truecount="0" falsecount="2"/>
        <line num="37" count="0" type="stmt"/>
        <line num="38" count="0" type="stmt"/>
        <line num="39" count="0" type="cond" truecount="0" falsecount="2"/>
        <line num="40" count="0" type="stmt"/>
        <line num="46" count="0" type="stmt"/>
        <line num="47" count="0" type="stmt"/>
        <line num="48" count="0" type="stmt"/>
        <line num="49" count="0" type="stmt"/>
        <line num="50" count="0" type="stmt"/>
        <line num="54" count="0" type="stmt"/>
        <line num="56" count="0" type="stmt"/>
        <line num="60" count="4" type="stmt"/>
        <line num="65" count="7" type="cond" truecount="1" falsecount="1"/>
        <line num="66" count="7" type="cond" truecount="1" falsecount="1"/>
        <line num="67" count="7" type="cond" truecount="1" falsecount="1"/>
        <line num="68" count="7" type="cond" truecount="1" falsecount="1"/>
        <line num="71" count="7" type="stmt"/>
      </file>
      <file name="search.js" path="/Users/psama0214/Hackathon-New/incident-war-room/src/utils/search.js">
        <metrics statements="21" coveredstatements="16" conditionals="30" coveredconditionals="14" methods="1" coveredmethods="1"/>
        <line num="10" count="5" type="stmt"/>
        <line num="12" count="5" type="stmt"/>
        <line num="14" count="5" type="stmt"/>
        <line num="16" count="4" type="cond" truecount="1" falsecount="1"/>
        <line num="17" count="0" type="stmt"/>
        <line num="20" count="3" type="stmt"/>
        <line num="23" count="3" type="stmt"/>
        <line num="25" count="3" type="cond" truecount="3" falsecount="1"/>
        <line num="26" count="3" type="stmt"/>
        <line num="27" count="10" type="cond" truecount="3" falsecount="1"/>
        <line num="28" count="10" type="stmt"/>
        <line num="36" count="10" type="cond" truecount="2" falsecount="2"/>
        <line num="37" count="0" type="stmt"/>
        <line num="38" count="0" type="cond" truecount="0" falsecount="4"/>
        <line num="39" count="0" type="stmt"/>
        <line num="48" count="10" type="cond" truecount="2" falsecount="0"/>
        <line num="53" count="3" type="cond" truecount="2" falsecount="2"/>
        <line num="54" count="0" type="stmt"/>
        <line num="61" count="3" type="stmt"/>
        <line num="67" count="2" type="stmt"/>
        <line num="68" count="2" type="stmt"/>
      </file>
    </package>
  </project>
</coverage>
