{"/Users/psama0214/Hackathon-New/incident-war-room/src/resolvers/async-search.js": {"path":"/Users/psama0214/Hackathon-New/incident-war-room/src/resolvers/async-search.js","statementMap":{"0":{"start":{"line":13,"column":29},"end":{"line":13,"column":42}},"1":{"start":{"line":15,"column":4},"end":{"line":18,"column":5}},"2":{"start":{"line":16,"column":8},"end":{"line":16,"column":73}},"3":{"start":{"line":17,"column":8},"end":{"line":17,"column":15}},"4":{"start":{"line":20,"column":4},"end":{"line":20,"column":68}},"5":{"start":{"line":22,"column":4},"end":{"line":52,"column":5}},"6":{"start":{"line":24,"column":30},"end":{"line":24,"column":52}},"7":{"start":{"line":27,"column":23},"end":{"line":34,"column":9}},"8":{"start":{"line":36,"column":8},"end":{"line":36,"column":41}},"9":{"start":{"line":38,"column":8},"end":{"line":38,"column":93}},"10":{"start":{"line":40,"column":8},"end":{"line":40,"column":63}},"11":{"start":{"line":43,"column":28},"end":{"line":49,"column":9}},"12":{"start":{"line":51,"column":8},"end":{"line":51,"column":46}},"13":{"start":{"line":56,"column":23},"end":{"line":56,"column":41}}},"fnMap":{"0":{"name":"asyncSearchHandler","decl":{"start":{"line":12,"column":22},"end":{"line":12,"column":40}},"loc":{"start":{"line":12,"column":48},"end":{"line":53,"column":1}},"line":12}},"branchMap":{"0":{"loc":{"start":{"line":15,"column":4},"end":{"line":18,"column":5}},"type":"if","locations":[{"start":{"line":15,"column":4},"end":{"line":18,"column":5}},{"start":{},"end":{}}],"line":15},"1":{"loc":{"start":{"line":15,"column":8},"end":{"line":15,"column":24}},"type":"binary-expr","locations":[{"start":{"line":15,"column":8},"end":{"line":15,"column":14}},{"start":{"line":15,"column":18},"end":{"line":15,"column":24}}],"line":15},"2":{"loc":{"start":{"line":31,"column":21},"end":{"line":31,"column":48}},"type":"binary-expr","locations":[{"start":{"line":31,"column":21},"end":{"line":31,"column":42}},{"start":{"line":31,"column":46},"end":{"line":31,"column":48}}],"line":31},"3":{"loc":{"start":{"line":32,"column":24},"end":{"line":32,"column":53}},"type":"binary-expr","locations":[{"start":{"line":32,"column":24},"end":{"line":32,"column":48}},{"start":{"line":32,"column":52},"end":{"line":32,"column":53}}],"line":32},"4":{"loc":{"start":{"line":47,"column":19},"end":{"line":47,"column":51}},"type":"binary-expr","locations":[{"start":{"line":47,"column":19},"end":{"line":47,"column":32}},{"start":{"line":47,"column":36},"end":{"line":47,"column":51}}],"line":47}},"s":{"0":0,"1":0,"2":0,"3":0,"4":0,"5":0,"6":0,"7":0,"8":0,"9":0,"10":0,"11":0,"12":0,"13":0},"f":{"0":0},"b":{"0":[0,0],"1":[0,0],"2":[0,0],"3":[0,0],"4":[0,0]},"inputSourceMap":null}
,"/Users/psama0214/Hackathon-New/incident-war-room/src/utils/permissions.js": {"path":"/Users/psama0214/Hackathon-New/incident-war-room/src/utils/permissions.js","statementMap":{"0":{"start":{"line":3,"column":21},"end":{"line":8,"column":1}},"1":{"start":{"line":10,"column":27},"end":{"line":15,"column":1}},"2":{"start":{"line":18,"column":4},"end":{"line":26,"column":5}},"3":{"start":{"line":19,"column":25},"end":{"line":20,"column":79}},"4":{"start":{"line":21,"column":21},"end":{"line":21,"column":42}},"5":{"start":{"line":22,"column":8},"end":{"line":22,"column":37}},"6":{"start":{"line":22,"column":29},"end":{"line":22,"column":35}},"7":{"start":{"line":24,"column":8},"end":{"line":24,"column":60}},"8":{"start":{"line":25,"column":8},"end":{"line":25,"column":18}},"9":{"start":{"line":30,"column":24},"end":{"line":30,"column":33}},"10":{"start":{"line":33,"column":26},"end":{"line":33,"column":64}},"11":{"start":{"line":33,"column":51},"end":{"line":33,"column":63}},"12":{"start":{"line":35,"column":4},"end":{"line":51,"column":5}},"13":{"start":{"line":37,"column":8},"end":{"line":42,"column":11}},"14":{"start":{"line":38,"column":31},"end":{"line":38,"column":43}},"15":{"start":{"line":39,"column":12},"end":{"line":41,"column":13}},"16":{"start":{"line":40,"column":16},"end":{"line":40,"column":60}},"17":{"start":{"line":40,"column":40},"end":{"line":40,"column":58}},"18":{"start":{"line":46,"column":8},"end":{"line":46,"column":32}},"19":{"start":{"line":47,"column":8},"end":{"line":47,"column":34}},"20":{"start":{"line":48,"column":8},"end":{"line":48,"column":34}},"21":{"start":{"line":49,"column":8},"end":{"line":49,"column":34}},"22":{"start":{"line":50,"column":8},"end":{"line":50,"column":35}},"23":{"start":{"line":54,"column":4},"end":{"line":54,"column":28}},"24":{"start":{"line":56,"column":4},"end":{"line":56,"column":35}},"25":{"start":{"line":60,"column":4},"end":{"line":60,"column":40}},"26":{"start":{"line":65,"column":4},"end":{"line":65,"column":81}},"27":{"start":{"line":65,"column":52},"end":{"line":65,"column":81}},"28":{"start":{"line":66,"column":4},"end":{"line":66,"column":75}},"29":{"start":{"line":66,"column":49},"end":{"line":66,"column":75}},"30":{"start":{"line":67,"column":4},"end":{"line":67,"column":63}},"31":{"start":{"line":67,"column":43},"end":{"line":67,"column":63}},"32":{"start":{"line":68,"column":4},"end":{"line":68,"column":61}},"33":{"start":{"line":68,"column":42},"end":{"line":68,"column":61}},"34":{"start":{"line":71,"column":4},"end":{"line":71,"column":16}}},"fnMap":{"0":{"name":"getUserGroups","decl":{"start":{"line":17,"column":22},"end":{"line":17,"column":35}},"loc":{"start":{"line":17,"column":47},"end":{"line":27,"column":1}},"line":17},"1":{"name":"(anonymous_1)","decl":{"start":{"line":22,"column":24},"end":{"line":22,"column":25}},"loc":{"start":{"line":22,"column":29},"end":{"line":22,"column":35}},"line":22},"2":{"name":"getUserPermissions","decl":{"start":{"line":29,"column":16},"end":{"line":29,"column":34}},"loc":{"start":{"line":29,"column":47},"end":{"line":57,"column":1}},"line":29},"3":{"name":"(anonymous_3)","decl":{"start":{"line":33,"column":42},"end":{"line":33,"column":43}},"loc":{"start":{"line":33,"column":51},"end":{"line":33,"column":63}},"line":33},"4":{"name":"(anonymous_4)","decl":{"start":{"line":37,"column":27},"end":{"line":37,"column":28}},"loc":{"start":{"line":37,"column":36},"end":{"line":42,"column":9}},"line":37},"5":{"name":"(anonymous_5)","decl":{"start":{"line":40,"column":35},"end":{"line":40,"column":36}},"loc":{"start":{"line":40,"column":40},"end":{"line":40,"column":58}},"line":40},"6":{"name":"hasPermission","decl":{"start":{"line":59,"column":16},"end":{"line":59,"column":29}},"loc":{"start":{"line":59,"column":51},"end":{"line":61,"column":1}},"line":59},"7":{"name":"getUserPrimaryRole","decl":{"start":{"line":63,"column":16},"end":{"line":63,"column":34}},"loc":{"start":{"line":63,"column":47},"end":{"line":72,"column":1}},"line":63}},"branchMap":{"0":{"loc":{"start":{"line":35,"column":4},"end":{"line":51,"column":5}},"type":"if","locations":[{"start":{"line":35,"column":4},"end":{"line":51,"column":5}},{"start":{"line":43,"column":11},"end":{"line":51,"column":5}}],"line":35},"1":{"loc":{"start":{"line":39,"column":12},"end":{"line":41,"column":13}},"type":"if","locations":[{"start":{"line":39,"column":12},"end":{"line":41,"column":13}},{"start":{},"end":{}}],"line":39},"2":{"loc":{"start":{"line":65,"column":4},"end":{"line":65,"column":81}},"type":"if","locations":[{"start":{"line":65,"column":4},"end":{"line":65,"column":81}},{"start":{},"end":{}}],"line":65},"3":{"loc":{"start":{"line":66,"column":4},"end":{"line":66,"column":75}},"type":"if","locations":[{"start":{"line":66,"column":4},"end":{"line":66,"column":75}},{"start":{},"end":{}}],"line":66},"4":{"loc":{"start":{"line":67,"column":4},"end":{"line":67,"column":63}},"type":"if","locations":[{"start":{"line":67,"column":4},"end":{"line":67,"column":63}},{"start":{},"end":{}}],"line":67},"5":{"loc":{"start":{"line":68,"column":4},"end":{"line":68,"column":61}},"type":"if","locations":[{"start":{"line":68,"column":4},"end":{"line":68,"column":61}},{"start":{},"end":{}}],"line":68}},"s":{"0":0,"1":0,"2":0,"3":0,"4":0,"5":0,"6":0,"7":0,"8":0,"9":0,"10":0,"11":0,"12":0,"13":0,"14":0,"15":0,"16":0,"17":0,"18":0,"19":0,"20":0,"21":0,"22":0,"23":0,"24":0,"25":0,"26":0,"27":0,"28":0,"29":0,"30":0,"31":0,"32":0,"33":0,"34":0},"f":{"0":0,"1":0,"2":0,"3":0,"4":0,"5":0,"6":0,"7":0},"b":{"0":[0,0],"1":[0,0],"2":[0,0],"3":[0,0],"4":[0,0],"5":[0,0]},"inputSourceMap":null}
,"/Users/psama0214/Hackathon-New/incident-war-room/src/utils/search.js": {"path":"/Users/psama0214/Hackathon-New/incident-war-room/src/utils/search.js","statementMap":{"0":{"start":{"line":10,"column":4},"end":{"line":73,"column":5}},"1":{"start":{"line":12,"column":20},"end":{"line":12,"column":102}},"2":{"start":{"line":14,"column":25},"end":{"line":14,"column":41}},"3":{"start":{"line":16,"column":8},"end":{"line":18,"column":9}},"4":{"start":{"line":17,"column":12},"end":{"line":17,"column":70}},"5":{"start":{"line":20,"column":21},"end":{"line":20,"column":42}},"6":{"start":{"line":23,"column":24},"end":{"line":23,"column":26}},"7":{"start":{"line":25,"column":8},"end":{"line":50,"column":9}},"8":{"start":{"line":26,"column":12},"end":{"line":49,"column":13}},"9":{"start":{"line":27,"column":16},"end":{"line":33,"column":17}},"10":{"start":{"line":28,"column":20},"end":{"line":32,"column":23}},"11":{"start":{"line":36,"column":16},"end":{"line":46,"column":17}},"12":{"start":{"line":37,"column":20},"end":{"line":45,"column":21}},"13":{"start":{"line":38,"column":24},"end":{"line":44,"column":25}},"14":{"start":{"line":39,"column":28},"end":{"line":43,"column":31}},"15":{"start":{"line":48,"column":16},"end":{"line":48,"column":47}},"16":{"start":{"line":48,"column":41},"end":{"line":48,"column":47}},"17":{"start":{"line":53,"column":8},"end":{"line":59,"column":9}},"18":{"start":{"line":54,"column":12},"end":{"line":58,"column":15}},"19":{"start":{"line":61,"column":8},"end":{"line":65,"column":10}},"20":{"start":{"line":67,"column":8},"end":{"line":67,"column":46}},"21":{"start":{"line":68,"column":8},"end":{"line":72,"column":10}}},"fnMap":{"0":{"name":"searchWeb","decl":{"start":{"line":9,"column":22},"end":{"line":9,"column":31}},"loc":{"start":{"line":9,"column":39},"end":{"line":74,"column":1}},"line":9}},"branchMap":{"0":{"loc":{"start":{"line":16,"column":8},"end":{"line":18,"column":9}},"type":"if","locations":[{"start":{"line":16,"column":8},"end":{"line":18,"column":9}},{"start":{},"end":{}}],"line":16},"1":{"loc":{"start":{"line":25,"column":8},"end":{"line":50,"column":9}},"type":"if","locations":[{"start":{"line":25,"column":8},"end":{"line":50,"column":9}},{"start":{},"end":{}}],"line":25},"2":{"loc":{"start":{"line":25,"column":12},"end":{"line":25,"column":63}},"type":"binary-expr","locations":[{"start":{"line":25,"column":12},"end":{"line":25,"column":30}},{"start":{"line":25,"column":34},"end":{"line":25,"column":63}}],"line":25},"3":{"loc":{"start":{"line":27,"column":16},"end":{"line":33,"column":17}},"type":"if","locations":[{"start":{"line":27,"column":16},"end":{"line":33,"column":17}},{"start":{},"end":{}}],"line":27},"4":{"loc":{"start":{"line":27,"column":20},"end":{"line":27,"column":48}},"type":"binary-expr","locations":[{"start":{"line":27,"column":20},"end":{"line":27,"column":30}},{"start":{"line":27,"column":34},"end":{"line":27,"column":48}}],"line":27},"5":{"loc":{"start":{"line":36,"column":16},"end":{"line":46,"column":17}},"type":"if","locations":[{"start":{"line":36,"column":16},"end":{"line":46,"column":17}},{"start":{},"end":{}}],"line":36},"6":{"loc":{"start":{"line":36,"column":20},"end":{"line":36,"column":63}},"type":"binary-expr","locations":[{"start":{"line":36,"column":20},"end":{"line":36,"column":32}},{"start":{"line":36,"column":36},"end":{"line":36,"column":63}}],"line":36},"7":{"loc":{"start":{"line":38,"column":24},"end":{"line":44,"column":25}},"type":"if","locations":[{"start":{"line":38,"column":24},"end":{"line":44,"column":25}},{"start":{},"end":{}}],"line":38},"8":{"loc":{"start":{"line":38,"column":28},"end":{"line":38,"column":58}},"type":"binary-expr","locations":[{"start":{"line":38,"column":28},"end":{"line":38,"column":39}},{"start":{"line":38,"column":43},"end":{"line":38,"column":58}}],"line":38},"9":{"loc":{"start":{"line":48,"column":16},"end":{"line":48,"column":47}},"type":"if","locations":[{"start":{"line":48,"column":16},"end":{"line":48,"column":47}},{"start":{},"end":{}}],"line":48},"10":{"loc":{"start":{"line":53,"column":8},"end":{"line":59,"column":9}},"type":"if","locations":[{"start":{"line":53,"column":8},"end":{"line":59,"column":9}},{"start":{},"end":{}}],"line":53},"11":{"loc":{"start":{"line":53,"column":12},"end":{"line":53,"column":53}},"type":"binary-expr","locations":[{"start":{"line":53,"column":12},"end":{"line":53,"column":32}},{"start":{"line":53,"column":36},"end":{"line":53,"column":53}}],"line":53},"12":{"loc":{"start":{"line":55,"column":23},"end":{"line":55,"column":44}},"type":"binary-expr","locations":[{"start":{"line":55,"column":23},"end":{"line":55,"column":35}},{"start":{"line":55,"column":39},"end":{"line":55,"column":44}}],"line":55},"13":{"loc":{"start":{"line":56,"column":21},"end":{"line":56,"column":65}},"type":"binary-expr","locations":[{"start":{"line":56,"column":21},"end":{"line":56,"column":37}},{"start":{"line":56,"column":41},"end":{"line":56,"column":65}}],"line":56},"14":{"loc":{"start":{"line":70,"column":19},"end":{"line":70,"column":51}},"type":"binary-expr","locations":[{"start":{"line":70,"column":19},"end":{"line":70,"column":32}},{"start":{"line":70,"column":36},"end":{"line":70,"column":51}}],"line":70}},"s":{"0":0,"1":0,"2":0,"3":0,"4":0,"5":0,"6":0,"7":0,"8":0,"9":0,"10":0,"11":0,"12":0,"13":0,"14":0,"15":0,"16":0,"17":0,"18":0,"19":0,"20":0,"21":0},"f":{"0":0},"b":{"0":[0,0],"1":[0,0],"2":[0,0],"3":[0,0],"4":[0,0],"5":[0,0],"6":[0,0],"7":[0,0],"8":[0,0],"9":[0,0],"10":[0,0],"11":[0,0],"12":[0,0],"13":[0,0],"14":[0,0]},"inputSourceMap":null}
}
