TN:
SF:src/index.js
FNF:0
FNH:0
LF:0
LH:0
BRF:0
BRH:0
end_of_record
TN:
SF:src/actions/index.js
FN:3,(anonymous_0)
FN:32,addComment
FNF:2
FNH:0
FNDA:0,(anonymous_0)
FNDA:0,addComment
DA:3,0
DA:4,0
DA:14,0
DA:23,0
DA:24,0
DA:26,0
DA:33,0
DA:34,0
DA:36,0
LF:9
LH:0
BRDA:23,0,0,0
BRDA:23,0,1,0
BRF:2
BRH:0
end_of_record
TN:
SF:src/resolvers/async-search.js
FN:12,asyncSearchHandler
FNF:1
FNH:0
FNDA:0,asyncSearchHandler
DA:13,0
DA:15,0
DA:16,0
DA:17,0
DA:20,0
DA:22,0
DA:24,0
DA:27,0
DA:36,0
DA:38,0
DA:40,0
DA:43,0
DA:51,0
DA:56,0
LF:14
LH:0
BRDA:15,0,0,0
BRDA:15,0,1,0
BRDA:15,1,0,0
BRDA:15,1,1,0
BRDA:31,2,0,0
BRDA:31,2,1,0
BRDA:32,3,0,0
BRDA:32,3,1,0
BRDA:47,4,0,0
BRDA:47,4,1,0
BRF:10
BRH:0
end_of_record
TN:
SF:src/resolvers/index.js
FN:10,(anonymous_0)
FN:18,(anonymous_1)
FN:52,(anonymous_2)
FN:56,(anonymous_3)
FN:60,(anonymous_4)
FN:68,(anonymous_5)
FN:77,(anonymous_6)
FN:106,(anonymous_7)
FN:163,(anonymous_8)
FN:187,(anonymous_9)
FN:196,(anonymous_10)
FN:204,(anonymous_11)
FN:206,(anonymous_12)
FN:216,(anonymous_13)
FN:250,(anonymous_14)
FN:285,(anonymous_15)
FN:324,(anonymous_16)
FN:361,(anonymous_17)
FN:379,(anonymous_18)
FN:412,(anonymous_19)
FN:450,(anonymous_20)
FN:487,(anonymous_21)
FN:490,(anonymous_22)
FN:565,(anonymous_23)
FN:608,(anonymous_24)
FN:634,(anonymous_25)
FN:697,(anonymous_26)
FN:705,(anonymous_27)
FN:764,(anonymous_28)
FN:788,(anonymous_29)
FN:829,(anonymous_30)
FN:842,(anonymous_31)
FNF:32
FNH:0
FNDA:0,(anonymous_0)
FNDA:0,(anonymous_1)
FNDA:0,(anonymous_2)
FNDA:0,(anonymous_3)
FNDA:0,(anonymous_4)
FNDA:0,(anonymous_5)
FNDA:0,(anonymous_6)
FNDA:0,(anonymous_7)
FNDA:0,(anonymous_8)
FNDA:0,(anonymous_9)
FNDA:0,(anonymous_10)
FNDA:0,(anonymous_11)
FNDA:0,(anonymous_12)
FNDA:0,(anonymous_13)
FNDA:0,(anonymous_14)
FNDA:0,(anonymous_15)
FNDA:0,(anonymous_16)
FNDA:0,(anonymous_17)
FNDA:0,(anonymous_18)
FNDA:0,(anonymous_19)
FNDA:0,(anonymous_20)
FNDA:0,(anonymous_21)
FNDA:0,(anonymous_22)
FNDA:0,(anonymous_23)
FNDA:0,(anonymous_24)
FNDA:0,(anonymous_25)
FNDA:0,(anonymous_26)
FNDA:0,(anonymous_27)
FNDA:0,(anonymous_28)
FNDA:0,(anonymous_29)
FNDA:0,(anonymous_30)
FNDA:0,(anonymous_31)
DA:8,0
DA:10,0
DA:11,0
DA:12,0
DA:13,0
DA:14,0
DA:18,0
DA:19,0
DA:20,0
DA:40,0
DA:41,0
DA:42,0
DA:44,0
DA:45,0
DA:47,0
DA:48,0
DA:52,0
DA:53,0
DA:54,0
DA:55,0
DA:56,0
DA:57,0
DA:60,0
DA:61,0
DA:62,0
DA:63,0
DA:64,0
DA:66,0
DA:68,0
DA:71,0
DA:72,0
DA:77,0
DA:78,0
DA:79,0
DA:80,0
DA:81,0
DA:82,0
DA:84,0
DA:93,0
DA:95,0
DA:106,0
DA:107,0
DA:110,0
DA:111,0
DA:112,0
DA:114,0
DA:115,0
DA:118,0
DA:119,0
DA:125,0
DA:126,0
DA:136,0
DA:138,0
DA:144,0
DA:145,0
DA:147,0
DA:153,0
DA:156,0
DA:158,0
DA:159,0
DA:163,0
DA:164,0
DA:165,0
DA:166,0
DA:167,0
DA:169,0
DA:170,0
DA:173,0
DA:174,0
DA:177,0
DA:178,0
DA:181,0
DA:182,0
DA:183,0
DA:184,0
DA:187,0
DA:188,0
DA:189,0
DA:190,0
DA:191,0
DA:192,0
DA:193,0
DA:196,0
DA:197,0
DA:199,0
DA:200,0
DA:203,0
DA:204,0
DA:206,0
DA:212,0
DA:213,0
DA:216,0
DA:217,0
DA:220,0
DA:221,0
DA:222,0
DA:224,0
DA:225,0
DA:228,0
DA:229,0
DA:230,0
DA:235,0
DA:237,0
DA:243,0
DA:245,0
DA:246,0
DA:247,0
DA:250,0
DA:251,0
DA:254,0
DA:255,0
DA:256,0
DA:258,0
DA:259,0
DA:262,0
DA:264,0
DA:270,0
DA:274,0
DA:275,0
DA:277,0
DA:278,0
DA:279,0
DA:285,0
DA:286,0
DA:288,0
DA:289,0
DA:296,0
DA:297,0
DA:300,0
DA:306,0
DA:308,0
DA:315,0
DA:316,0
DA:324,0
DA:325,0
DA:326,0
DA:328,0
DA:329,0
DA:330,0
DA:332,0
DA:338,0
DA:339,0
DA:341,0
DA:342,0
DA:344,0
DA:346,0
DA:347,0
DA:348,0
DA:349,0
DA:352,0
DA:354,0
DA:355,0
DA:358,0
DA:361,0
DA:370,0
DA:371,0
DA:379,0
DA:380,0
DA:382,0
DA:383,0
DA:386,0
DA:387,0
DA:388,0
DA:390,0
DA:403,0
DA:404,0
DA:412,0
DA:413,0
DA:415,0
DA:416,0
DA:419,0
DA:421,0
DA:423,0
DA:426,0
DA:427,0
DA:433,0
DA:441,0
DA:442,0
DA:450,0
DA:451,0
DA:453,0
DA:454,0
DA:457,0
DA:459,0
DA:461,0
DA:463,0
DA:471,0
DA:476,0
DA:477,0
DA:487,0
DA:490,0
DA:491,0
DA:492,0
DA:494,0
DA:495,0
DA:498,0
DA:499,0
DA:500,0
DA:501,0
DA:502,0
DA:503,0
DA:505,0
DA:508,0
DA:509,0
DA:510,0
DA:513,0
DA:545,0
DA:553,0
DA:554,0
DA:557,0
DA:559,0
DA:560,0
DA:565,0
DA:566,0
DA:567,0
DA:569,0
DA:570,0
DA:573,0
DA:575,0
DA:576,0
DA:577,0
DA:578,0
DA:579,0
DA:583,0
DA:584,0
DA:585,0
DA:587,0
DA:588,0
DA:593,0
DA:594,0
DA:596,0
DA:597,0
DA:598,0
DA:599,0
DA:600,0
DA:601,0
DA:603,0
DA:608,0
DA:609,0
DA:610,0
DA:612,0
DA:618,0
DA:619,0
DA:622,0
DA:628,0
DA:629,0
DA:634,0
DA:635,0
DA:636,0
DA:638,0
DA:639,0
DA:642,0
DA:643,0
DA:644,0
DA:645,0
DA:647,0
DA:648,0
DA:652,0
DA:653,0
DA:656,0
DA:657,0
DA:658,0
DA:660,0
DA:661,0
DA:671,0
DA:677,0
DA:678,0
DA:679,0
DA:681,0
DA:685,0
DA:686,0
DA:689,0
DA:691,0
DA:692,0
DA:697,0
DA:698,0
DA:700,0
DA:701,0
DA:702,0
DA:703,0
DA:705,0
DA:707,0
DA:721,0
DA:722,0
DA:723,0
DA:724,0
DA:743,0
DA:744,0
DA:745,0
DA:747,0
DA:750,0
DA:758,0
DA:759,0
DA:764,0
DA:766,0
DA:767,0
DA:768,0
DA:770,0
DA:772,0
DA:780,0
DA:788,0
DA:789,0
DA:790,0
DA:792,0
DA:793,0
DA:794,0
DA:795,0
DA:796,0
DA:797,0
DA:798,0
DA:800,0
DA:803,0
DA:804,0
DA:806,0
DA:808,0
DA:809,0
DA:810,0
DA:811,0
DA:813,0
DA:823,0
DA:824,0
DA:829,0
DA:830,0
DA:831,0
DA:833,0
DA:842,0
DA:843,0
DA:845,0
DA:846,0
DA:847,0
DA:862,0
DA:868,0
DA:869,0
DA:870,0
DA:872,0
DA:875,0
DA:877,0
DA:878,0
DA:882,0
LF:339
LH:0
BRDA:13,0,0,0
BRDA:13,0,1,0
BRDA:40,1,0,0
BRDA:40,1,1,0
BRDA:68,2,0,0
BRDA:68,2,1,0
BRDA:90,3,0,0
BRDA:90,3,1,0
BRDA:90,4,0,0
BRDA:90,4,1,0
BRDA:114,5,0,0
BRDA:114,5,1,0
BRDA:120,6,0,0
BRDA:120,6,1,0
BRDA:122,7,0,0
BRDA:122,7,1,0
BRDA:125,8,0,0
BRDA:125,8,1,0
BRDA:136,9,0,0
BRDA:136,9,1,0
BRDA:145,10,0,0
BRDA:145,10,1,0
BRDA:156,11,0,0
BRDA:156,11,1,0
BRDA:164,12,0,0
BRDA:164,12,1,0
BRDA:169,13,0,0
BRDA:169,13,1,0
BRDA:173,14,0,0
BRDA:173,14,1,0
BRDA:177,15,0,0
BRDA:177,15,1,0
BRDA:224,16,0,0
BRDA:224,16,1,0
BRDA:235,17,0,0
BRDA:235,17,1,0
BRDA:246,18,0,0
BRDA:246,18,1,0
BRDA:258,19,0,0
BRDA:258,19,1,0
BRDA:274,20,0,0
BRDA:274,20,1,0
BRDA:278,21,0,0
BRDA:278,21,1,0
BRDA:286,22,0,0
BRDA:286,22,1,0
BRDA:290,23,0,0
BRDA:290,23,1,0
BRDA:291,24,0,0
BRDA:291,24,1,0
BRDA:292,25,0,0
BRDA:292,25,1,0
BRDA:293,26,0,0
BRDA:293,26,1,0
BRDA:296,27,0,0
BRDA:296,27,1,0
BRDA:318,28,0,0
BRDA:318,28,1,0
BRDA:326,29,0,0
BRDA:326,29,1,0
BRDA:330,30,0,0
BRDA:330,30,1,0
BRDA:339,31,0,0
BRDA:339,31,1,0
BRDA:346,32,0,0
BRDA:346,32,1,0
BRDA:354,33,0,0
BRDA:354,33,1,0
BRDA:364,34,0,0
BRDA:364,34,1,0
BRDA:365,35,0,0
BRDA:365,35,1,0
BRDA:373,36,0,0
BRDA:373,36,1,0
BRDA:380,37,0,0
BRDA:380,37,1,0
BRDA:382,38,0,0
BRDA:382,38,1,0
BRDA:396,39,0,0
BRDA:396,39,1,0
BRDA:397,40,0,0
BRDA:397,40,1,0
BRDA:413,41,0,0
BRDA:413,41,1,0
BRDA:415,42,0,0
BRDA:415,42,1,0
BRDA:444,43,0,0
BRDA:444,43,1,0
BRDA:451,44,0,0
BRDA:451,44,1,0
BRDA:453,45,0,0
BRDA:453,45,1,0
BRDA:461,46,0,0
BRDA:461,46,1,0
BRDA:479,47,0,0
BRDA:479,47,1,0
BRDA:494,48,0,0
BRDA:494,48,1,0
BRDA:500,49,0,0
BRDA:500,49,1,0
BRDA:502,50,0,0
BRDA:502,50,1,0
BRDA:509,51,0,0
BRDA:509,51,1,0
BRDA:509,52,0,0
BRDA:509,52,1,0
BRDA:553,53,0,0
BRDA:553,53,1,0
BRDA:569,54,0,0
BRDA:569,54,1,0
BRDA:576,55,0,0
BRDA:576,55,1,0
BRDA:578,56,0,0
BRDA:578,56,1,0
BRDA:578,57,0,0
BRDA:578,57,1,0
BRDA:584,58,0,0
BRDA:584,58,1,0
BRDA:587,59,0,0
BRDA:587,59,1,0
BRDA:587,60,0,0
BRDA:587,60,1,0
BRDA:599,61,0,0
BRDA:599,61,1,0
BRDA:618,62,0,0
BRDA:618,62,1,0
BRDA:638,63,0,0
BRDA:638,63,1,0
BRDA:644,64,0,0
BRDA:644,64,1,0
BRDA:647,65,0,0
BRDA:647,65,1,0
BRDA:647,66,0,0
BRDA:647,66,1,0
BRDA:652,67,0,0
BRDA:652,67,1,0
BRDA:652,68,0,0
BRDA:652,68,1,0
BRDA:677,69,0,0
BRDA:677,69,1,0
BRDA:685,70,0,0
BRDA:685,70,1,0
BRDA:705,71,0,0
BRDA:705,71,1,0
BRDA:755,72,0,0
BRDA:755,72,1,0
BRDA:770,73,0,0
BRDA:770,73,1,0
BRDA:777,74,0,0
BRDA:777,74,1,0
BRDA:794,75,0,0
BRDA:794,75,1,0
BRDA:800,76,0,0
BRDA:800,76,1,0
BRDA:804,77,0,0
BRDA:804,77,1,0
BRDA:809,78,0,0
BRDA:809,78,1,0
BRDA:810,79,0,0
BRDA:810,79,1,0
BRDA:811,80,0,0
BRDA:811,80,1,0
BRDA:831,81,0,0
BRDA:831,81,1,0
BRDA:849,82,0,0
BRDA:849,82,1,0
BRDA:868,83,0,0
BRDA:868,83,1,0
BRF:168
BRH:0
end_of_record
TN:
SF:src/utils/permissions.js
FN:17,getUserGroups
FN:22,(anonymous_1)
FN:29,getUserPermissions
FN:33,(anonymous_3)
FN:37,(anonymous_4)
FN:40,(anonymous_5)
FN:59,hasPermission
FN:63,getUserPrimaryRole
FNF:8
FNH:0
FNDA:0,getUserGroups
FNDA:0,(anonymous_1)
FNDA:0,getUserPermissions
FNDA:0,(anonymous_3)
FNDA:0,(anonymous_4)
FNDA:0,(anonymous_5)
FNDA:0,hasPermission
FNDA:0,getUserPrimaryRole
DA:3,0
DA:10,0
DA:18,0
DA:19,0
DA:21,0
DA:22,0
DA:24,0
DA:25,0
DA:30,0
DA:33,0
DA:35,0
DA:37,0
DA:38,0
DA:39,0
DA:40,0
DA:46,0
DA:47,0
DA:48,0
DA:49,0
DA:50,0
DA:54,0
DA:56,0
DA:60,0
DA:65,0
DA:66,0
DA:67,0
DA:68,0
DA:71,0
LF:28
LH:0
BRDA:35,0,0,0
BRDA:35,0,1,0
BRDA:39,1,0,0
BRDA:39,1,1,0
BRDA:65,2,0,0
BRDA:65,2,1,0
BRDA:66,3,0,0
BRDA:66,3,1,0
BRDA:67,4,0,0
BRDA:67,4,1,0
BRDA:68,5,0,0
BRDA:68,5,1,0
BRF:12
BRH:0
end_of_record
TN:
SF:src/utils/search.js
FN:9,searchWeb
FNF:1
FNH:0
FNDA:0,searchWeb
DA:10,0
DA:12,0
DA:14,0
DA:16,0
DA:17,0
DA:20,0
DA:23,0
DA:25,0
DA:26,0
DA:27,0
DA:28,0
DA:36,0
DA:37,0
DA:38,0
DA:39,0
DA:48,0
DA:53,0
DA:54,0
DA:61,0
DA:67,0
DA:68,0
LF:21
LH:0
BRDA:16,0,0,0
BRDA:16,0,1,0
BRDA:25,1,0,0
BRDA:25,1,1,0
BRDA:25,2,0,0
BRDA:25,2,1,0
BRDA:27,3,0,0
BRDA:27,3,1,0
BRDA:27,4,0,0
BRDA:27,4,1,0
BRDA:36,5,0,0
BRDA:36,5,1,0
BRDA:36,6,0,0
BRDA:36,6,1,0
BRDA:38,7,0,0
BRDA:38,7,1,0
BRDA:38,8,0,0
BRDA:38,8,1,0
BRDA:48,9,0,0
BRDA:48,9,1,0
BRDA:53,10,0,0
BRDA:53,10,1,0
BRDA:53,11,0,0
BRDA:53,11,1,0
BRDA:55,12,0,0
BRDA:55,12,1,0
BRDA:56,13,0,0
BRDA:56,13,1,0
BRDA:70,14,0,0
BRDA:70,14,1,0
BRF:30
BRH:0
end_of_record
